{"/home/travis/build/npmtest/node-npmtest-yargs-parser/test.js":{"path":"/home/travis/build/npmtest/node-npmtest-yargs-parser/test.js","s":{"1":2,"2":2,"3":2,"4":2,"5":2,"6":2,"7":2,"8":1,"9":2,"10":2,"11":1,"12":1,"13":1,"14":1,"15":2,"16":2,"17":2,"18":2,"19":1,"20":1,"21":2,"22":2,"23":2,"24":1,"25":1,"26":1,"27":1,"28":1,"29":1,"30":1,"31":1,"32":1,"33":1,"34":1,"35":1,"36":1,"37":1,"38":1,"39":2,"40":2,"41":1,"42":2,"43":2,"44":1,"45":2,"46":2,"47":1,"48":2,"49":2,"50":1,"51":1,"52":1,"53":1,"54":1},"b":{"1":[2,1,1,1],"2":[1,1,1,1],"3":[1,1],"4":[1,1],"5":[1,1],"6":[1,1],"7":[1,1],"8":[1,1],"9":[1,1],"10":[1,1,1],"11":[1,1],"12":[1,1],"13":[1,1],"14":[1,1],"15":[1,1],"16":[1,1],"17":[1,1]},"f":{"1":2,"2":2,"3":2,"4":2,"5":2,"6":1,"7":1,"8":1,"9":2,"10":2,"11":2,"12":2,"13":1},"fnMap":{"1":{"name":"(anonymous_1)","line":12,"loc":{"start":{"line":12,"column":1},"end":{"line":12,"column":13}}},"2":{"name":"(anonymous_2)","line":19,"loc":{"start":{"line":19,"column":5},"end":{"line":19,"column":17}}},"3":{"name":"(anonymous_3)","line":23,"loc":{"start":{"line":23,"column":24},"end":{"line":23,"column":36}}},"4":{"name":"(anonymous_4)","line":61,"loc":{"start":{"line":61,"column":5},"end":{"line":61,"column":17}}},"5":{"name":"(anonymous_5)","line":82,"loc":{"start":{"line":82,"column":5},"end":{"line":82,"column":17}}},"6":{"name":"(anonymous_6)","line":91,"loc":{"start":{"line":91,"column":77},"end":{"line":94,"column":10}}},"7":{"name":"(anonymous_7)","line":112,"loc":{"start":{"line":112,"column":83},"end":{"line":115,"column":10}},"skip":true},"8":{"name":"(anonymous_8)","line":123,"loc":{"start":{"line":123,"column":77},"end":{"line":126,"column":10}},"skip":true},"9":{"name":"(anonymous_9)","line":139,"loc":{"start":{"line":139,"column":12},"end":{"line":139,"column":40}},"skip":true},"10":{"name":"(anonymous_10)","line":147,"loc":{"start":{"line":147,"column":77},"end":{"line":150,"column":10}},"skip":true},"11":{"name":"(anonymous_11)","line":158,"loc":{"start":{"line":158,"column":83},"end":{"line":161,"column":10}},"skip":true},"12":{"name":"(anonymous_12)","line":169,"loc":{"start":{"line":169,"column":79},"end":{"line":172,"column":10}},"skip":true},"13":{"name":"(anonymous_13)","line":180,"loc":{"start":{"line":180,"column":75},"end":{"line":183,"column":10}},"skip":true}},"statementMap":{"1":{"start":{"line":12,"column":0},"end":{"line":195,"column":5}},"2":{"start":{"line":14,"column":4},"end":{"line":14,"column":14}},"3":{"start":{"line":19,"column":4},"end":{"line":56,"column":9}},"4":{"start":{"line":21,"column":8},"end":{"line":21,"column":19}},"5":{"start":{"line":23,"column":8},"end":{"line":35,"column":13}},"6":{"start":{"line":24,"column":12},"end":{"line":34,"column":13}},"7":{"start":{"line":25,"column":16},"end":{"line":28,"column":30}},"8":{"start":{"line":30,"column":16},"end":{"line":33,"column":27}},"9":{"start":{"line":37,"column":8},"end":{"line":39,"column":21}},"10":{"start":{"line":40,"column":8},"end":{"line":53,"column":9}},"11":{"start":{"line":43,"column":12},"end":{"line":46,"column":14}},"12":{"start":{"line":47,"column":12},"end":{"line":47,"column":18}},"13":{"start":{"line":50,"column":12},"end":{"line":51,"column":46}},"14":{"start":{"line":52,"column":12},"end":{"line":52,"column":18}},"15":{"start":{"line":55,"column":8},"end":{"line":55,"column":35}},"16":{"start":{"line":61,"column":4},"end":{"line":63,"column":9}},"17":{"start":{"line":62,"column":8},"end":{"line":62,"column":15}},"18":{"start":{"line":64,"column":4},"end":{"line":77,"column":5}},"19":{"start":{"line":70,"column":8},"end":{"line":70,"column":14}},"20":{"start":{"line":76,"column":8},"end":{"line":76,"column":14}},"21":{"start":{"line":82,"column":4},"end":{"line":84,"column":9}},"22":{"start":{"line":83,"column":8},"end":{"line":83,"column":15}},"23":{"start":{"line":85,"column":4},"end":{"line":194,"column":5}},"24":{"start":{"line":91,"column":8},"end":{"line":99,"column":10}},"25":{"start":{"line":98,"column":12},"end":{"line":98,"column":35}},"26":{"start":{"line":102,"column":8},"end":{"line":104,"column":63}},"27":{"start":{"line":105,"column":8},"end":{"line":105,"column":14}},"28":{"start":{"line":112,"column":8},"end":{"line":121,"column":10},"skip":true},"29":{"start":{"line":119,"column":12},"end":{"line":119,"column":55},"skip":true},"30":{"start":{"line":120,"column":12},"end":{"line":120,"column":48},"skip":true},"31":{"start":{"line":123,"column":8},"end":{"line":136,"column":10},"skip":true},"32":{"start":{"line":130,"column":12},"end":{"line":130,"column":76},"skip":true},"33":{"start":{"line":131,"column":12},"end":{"line":131,"column":73},"skip":true},"34":{"start":{"line":132,"column":12},"end":{"line":132,"column":74},"skip":true},"35":{"start":{"line":133,"column":12},"end":{"line":133,"column":79},"skip":true},"36":{"start":{"line":134,"column":12},"end":{"line":134,"column":25},"skip":true},"37":{"start":{"line":135,"column":12},"end":{"line":135,"column":45},"skip":true},"38":{"start":{"line":138,"column":8},"end":{"line":145,"column":14},"skip":true},"39":{"start":{"line":143,"column":16},"end":{"line":143,"column":29},"skip":true},"40":{"start":{"line":144,"column":16},"end":{"line":144,"column":55},"skip":true},"41":{"start":{"line":147,"column":8},"end":{"line":156,"column":10},"skip":true},"42":{"start":{"line":154,"column":12},"end":{"line":154,"column":25},"skip":true},"43":{"start":{"line":155,"column":12},"end":{"line":155,"column":45},"skip":true},"44":{"start":{"line":158,"column":8},"end":{"line":167,"column":10},"skip":true},"45":{"start":{"line":165,"column":12},"end":{"line":165,"column":25},"skip":true},"46":{"start":{"line":166,"column":12},"end":{"line":166,"column":48},"skip":true},"47":{"start":{"line":169,"column":8},"end":{"line":178,"column":10},"skip":true},"48":{"start":{"line":176,"column":12},"end":{"line":176,"column":25},"skip":true},"49":{"start":{"line":177,"column":12},"end":{"line":177,"column":46},"skip":true},"50":{"start":{"line":180,"column":8},"end":{"line":189,"column":10},"skip":true},"51":{"start":{"line":187,"column":12},"end":{"line":187,"column":94},"skip":true},"52":{"start":{"line":188,"column":12},"end":{"line":188,"column":48},"skip":true},"53":{"start":{"line":192,"column":8},"end":{"line":192,"column":35},"skip":true},"54":{"start":{"line":193,"column":8},"end":{"line":193,"column":14},"skip":true}},"branchMap":{"1":{"line":25,"type":"binary-expr","locations":[{"start":{"line":25,"column":23},"end":{"line":25,"column":62}},{"start":{"line":26,"column":20},"end":{"line":26,"column":70}},{"start":{"line":27,"column":20},"end":{"line":27,"column":71}},{"start":{"line":28,"column":20},"end":{"line":28,"column":29}}]},"2":{"line":30,"type":"binary-expr","locations":[{"start":{"line":30,"column":23},"end":{"line":30,"column":37}},{"start":{"line":31,"column":20},"end":{"line":31,"column":61}},{"start":{"line":32,"column":20},"end":{"line":32,"column":70}},{"start":{"line":33,"column":20},"end":{"line":33,"column":26}}]},"3":{"line":37,"type":"cond-expr","locations":[{"start":{"line":38,"column":14},"end":{"line":38,"column":20}},{"start":{"line":39,"column":14},"end":{"line":39,"column":20}}]},"4":{"line":40,"type":"switch","locations":[{"start":{"line":42,"column":8},"end":{"line":47,"column":18}},{"start":{"line":49,"column":8},"end":{"line":52,"column":18}}]},"5":{"line":44,"type":"binary-expr","locations":[{"start":{"line":44,"column":16},"end":{"line":44,"column":44}},{"start":{"line":44,"column":48},"end":{"line":44,"column":66}}]},"6":{"line":50,"type":"binary-expr","locations":[{"start":{"line":50,"column":21},"end":{"line":50,"column":49}},{"start":{"line":50,"column":53},"end":{"line":50,"column":72}}]},"7":{"line":64,"type":"switch","locations":[{"start":{"line":69,"column":4},"end":{"line":70,"column":14}},{"start":{"line":75,"column":4},"end":{"line":76,"column":14}}]},"8":{"line":85,"type":"switch","locations":[{"start":{"line":90,"column":4},"end":{"line":105,"column":14}},{"start":{"line":111,"column":4},"end":{"line":193,"column":14},"skip":true}]},"9":{"line":91,"type":"binary-expr","locations":[{"start":{"line":91,"column":42},"end":{"line":91,"column":73}},{"start":{"line":91,"column":77},"end":{"line":99,"column":9}}]},"10":{"line":102,"type":"binary-expr","locations":[{"start":{"line":102,"column":18},"end":{"line":102,"column":32}},{"start":{"line":103,"column":12},"end":{"line":103,"column":53}},{"start":{"line":104,"column":12},"end":{"line":104,"column":61}}]},"11":{"line":112,"type":"binary-expr","locations":[{"start":{"line":112,"column":45},"end":{"line":112,"column":79},"skip":true},{"start":{"line":112,"column":83},"end":{"line":121,"column":9},"skip":true}]},"12":{"line":123,"type":"binary-expr","locations":[{"start":{"line":123,"column":42},"end":{"line":123,"column":73},"skip":true},{"start":{"line":123,"column":77},"end":{"line":136,"column":9},"skip":true}]},"13":{"line":138,"type":"binary-expr","locations":[{"start":{"line":138,"column":48},"end":{"line":138,"column":85},"skip":true},{"start":{"line":139,"column":12},"end":{"line":145,"column":13},"skip":true}]},"14":{"line":147,"type":"binary-expr","locations":[{"start":{"line":147,"column":42},"end":{"line":147,"column":73},"skip":true},{"start":{"line":147,"column":77},"end":{"line":156,"column":9},"skip":true}]},"15":{"line":158,"type":"binary-expr","locations":[{"start":{"line":158,"column":45},"end":{"line":158,"column":79},"skip":true},{"start":{"line":158,"column":83},"end":{"line":167,"column":9},"skip":true}]},"16":{"line":169,"type":"binary-expr","locations":[{"start":{"line":169,"column":43},"end":{"line":169,"column":75},"skip":true},{"start":{"line":169,"column":79},"end":{"line":178,"column":9},"skip":true}]},"17":{"line":180,"type":"binary-expr","locations":[{"start":{"line":180,"column":41},"end":{"line":180,"column":71},"skip":true},{"start":{"line":180,"column":75},"end":{"line":189,"column":9},"skip":true}]}},"code":["/* istanbul instrument in package npmtest_yargs_parser */","/*jslint","    bitwise: true,","    browser: true,","    maxerr: 8,","    maxlen: 96,","    node: true,","    nomen: true,","    regexp: true,","    stupid: true","*/","(function () {","    'use strict';","    var local;","","","","    // run shared js-env code - pre-init","    (function () {","        // init local","        local = {};","        // init modeJs","        local.modeJs = (function () {","            try {","                return typeof navigator.userAgent === 'string' &&","                    typeof document.querySelector('body') === 'object' &&","                    typeof XMLHttpRequest.prototype.open === 'function' &&","                    'browser';","            } catch (errorCaughtBrowser) {","                return module.exports &&","                    typeof process.versions.node === 'string' &&","                    typeof require('http').createServer === 'function' &&","                    'node';","            }","        }());","        // init global","        local.global = local.modeJs === 'browser'","            ? window","            : global;","        switch (local.modeJs) {","        // re-init local from window.local","        case 'browser':","            local = local.global.utility2.objectSetDefault(","                local.global.utility2_rollup || local.global.local,","                local.global.utility2","            );","            break;","        // re-init local from example.js","        case 'node':","            local = (local.global.utility2_rollup || require('utility2'))","                .requireExampleJsFromReadme();","            break;","        }","        // export local","        local.global.local = local;","    }());","","","","    // run shared js-env code - function","    (function () {","        return;","    }());","    switch (local.modeJs) {","","","","    // run browser js-env code - function","    case 'browser':","        break;","","","","    // run node js-env code - function","    case 'node':","        break;","    }","","","","    // run shared js-env code - post-init","    (function () {","        return;","    }());","    switch (local.modeJs) {","","","","    // run browser js-env code - post-init","    case 'browser':","        local.testCase_browser_nullCase = local.testCase_browser_nullCase || function (","            options,","            onError","        ) {","        /*","         * this function will test browsers's null-case handling-behavior-behavior","         */","            onError(null, options);","        };","","        // run tests","        local.nop(local.modeTest &&","            document.querySelector('#testRunButton1') &&","            document.querySelector('#testRunButton1').click());","        break;","","","","    // run node js-env code - post-init","    /* istanbul ignore next */","    case 'node':","        local.testCase_buildApidoc_default = local.testCase_buildApidoc_default || function (","            options,","            onError","        ) {","        /*","         * this function will test buildApidoc's default handling-behavior-behavior","         */","            options = { modulePathList: module.paths };","            local.buildApidoc(options, onError);","        };","","        local.testCase_buildApp_default = local.testCase_buildApp_default || function (","            options,","            onError","        ) {","        /*","         * this function will test buildApp's default handling-behavior-behavior","         */","            local.testCase_buildReadme_default(options, local.onErrorThrow);","            local.testCase_buildLib_default(options, local.onErrorThrow);","            local.testCase_buildTest_default(options, local.onErrorThrow);","            local.testCase_buildCustomOrg_default(options, local.onErrorThrow);","            options = [];","            local.buildApp(options, onError);","        };","","        local.testCase_buildCustomOrg_default = local.testCase_buildCustomOrg_default ||","            function (options, onError) {","            /*","             * this function will test buildCustomOrg's default handling-behavior","             */","                options = {};","                local.buildCustomOrg(options, onError);","            };","","        local.testCase_buildLib_default = local.testCase_buildLib_default || function (","            options,","            onError","        ) {","        /*","         * this function will test buildLib's default handling-behavior","         */","            options = {};","            local.buildLib(options, onError);","        };","","        local.testCase_buildReadme_default = local.testCase_buildReadme_default || function (","            options,","            onError","        ) {","        /*","         * this function will test buildReadme's default handling-behavior-behavior","         */","            options = {};","            local.buildReadme(options, onError);","        };","","        local.testCase_buildTest_default = local.testCase_buildTest_default || function (","            options,","            onError","        ) {","        /*","         * this function will test buildTest's default handling-behavior","         */","            options = {};","            local.buildTest(options, onError);","        };","","        local.testCase_webpage_default = local.testCase_webpage_default || function (","            options,","            onError","        ) {","        /*","         * this function will test webpage's default handling-behavior","         */","            options = { modeCoverageMerge: true, url: local.serverLocalHost + '?modeTest=1' };","            local.browserTest(options, onError);","        };","","        // run test-server","        local.testRunServer(local);","        break;","    }","}());",""],"l":{"12":2,"14":2,"19":2,"21":2,"23":2,"24":2,"25":2,"30":1,"37":2,"40":2,"43":1,"47":1,"50":1,"52":1,"55":2,"61":2,"62":2,"64":2,"70":1,"76":1,"82":2,"83":2,"85":2,"91":1,"98":1,"102":1,"105":1,"112":1,"119":1,"120":1,"123":1,"130":1,"131":1,"132":1,"133":1,"134":1,"135":1,"138":1,"143":2,"144":2,"147":1,"154":2,"155":2,"158":1,"165":2,"166":2,"169":1,"176":2,"177":2,"180":1,"187":1,"188":1,"192":1,"193":1}},"/home/travis/build/npmtest/node-npmtest-yargs-parser/lib.npmtest_yargs_parser.js":{"path":"/home/travis/build/npmtest/node-npmtest-yargs-parser/lib.npmtest_yargs_parser.js","s":{"1":2,"2":2,"3":2,"4":2,"5":2,"6":2,"7":2,"8":1,"9":2,"10":2,"11":2,"12":2,"13":1,"14":1,"15":1,"16":1},"b":{"1":[2,1,1,1],"2":[1,1,1,1],"3":[1,1],"4":[2,2],"5":[1,1]},"f":{"1":2,"2":2,"3":2},"fnMap":{"1":{"name":"(anonymous_1)","line":12,"loc":{"start":{"line":12,"column":1},"end":{"line":12,"column":13}}},"2":{"name":"(anonymous_2)","line":19,"loc":{"start":{"line":19,"column":5},"end":{"line":19,"column":17}}},"3":{"name":"(anonymous_3)","line":23,"loc":{"start":{"line":23,"column":24},"end":{"line":23,"column":36}}}},"statementMap":{"1":{"start":{"line":12,"column":0},"end":{"line":53,"column":5}},"2":{"start":{"line":14,"column":4},"end":{"line":14,"column":14}},"3":{"start":{"line":19,"column":4},"end":{"line":52,"column":9}},"4":{"start":{"line":21,"column":8},"end":{"line":21,"column":19}},"5":{"start":{"line":23,"column":8},"end":{"line":35,"column":13}},"6":{"start":{"line":24,"column":12},"end":{"line":34,"column":13}},"7":{"start":{"line":25,"column":16},"end":{"line":28,"column":30}},"8":{"start":{"line":30,"column":16},"end":{"line":33,"column":27}},"9":{"start":{"line":37,"column":8},"end":{"line":39,"column":21}},"10":{"start":{"line":41,"column":8},"end":{"line":41,"column":54}},"11":{"start":{"line":43,"column":8},"end":{"line":43,"column":57}},"12":{"start":{"line":45,"column":8},"end":{"line":51,"column":9}},"13":{"start":{"line":46,"column":12},"end":{"line":46,"column":63}},"14":{"start":{"line":48,"column":12},"end":{"line":48,"column":35}},"15":{"start":{"line":49,"column":12},"end":{"line":49,"column":49}},"16":{"start":{"line":50,"column":12},"end":{"line":50,"column":43}}},"branchMap":{"1":{"line":25,"type":"binary-expr","locations":[{"start":{"line":25,"column":23},"end":{"line":25,"column":62}},{"start":{"line":26,"column":20},"end":{"line":26,"column":70}},{"start":{"line":27,"column":20},"end":{"line":27,"column":71}},{"start":{"line":28,"column":20},"end":{"line":28,"column":29}}]},"2":{"line":30,"type":"binary-expr","locations":[{"start":{"line":30,"column":23},"end":{"line":30,"column":37}},{"start":{"line":31,"column":20},"end":{"line":31,"column":61}},{"start":{"line":32,"column":20},"end":{"line":32,"column":70}},{"start":{"line":33,"column":20},"end":{"line":33,"column":26}}]},"3":{"line":37,"type":"cond-expr","locations":[{"start":{"line":38,"column":14},"end":{"line":38,"column":20}},{"start":{"line":39,"column":14},"end":{"line":39,"column":20}}]},"4":{"line":41,"type":"binary-expr","locations":[{"start":{"line":41,"column":16},"end":{"line":41,"column":44}},{"start":{"line":41,"column":48},"end":{"line":41,"column":53}}]},"5":{"line":45,"type":"if","locations":[{"start":{"line":45,"column":8},"end":{"line":45,"column":8}},{"start":{"line":45,"column":8},"end":{"line":45,"column":8}}]}},"code":["/* istanbul instrument in package npmtest_yargs_parser */","/*jslint","    bitwise: true,","    browser: true,","    maxerr: 8,","    maxlen: 96,","    node: true,","    nomen: true,","    regexp: true,","    stupid: true","*/","(function () {","    'use strict';","    var local;","","","","    // run shared js-env code - pre-init","    (function () {","        // init local","        local = {};","        // init modeJs","        local.modeJs = (function () {","            try {","                return typeof navigator.userAgent === 'string' &&","                    typeof document.querySelector('body') === 'object' &&","                    typeof XMLHttpRequest.prototype.open === 'function' &&","                    'browser';","            } catch (errorCaughtBrowser) {","                return module.exports &&","                    typeof process.versions.node === 'string' &&","                    typeof require('http').createServer === 'function' &&","                    'node';","            }","        }());","        // init global","        local.global = local.modeJs === 'browser'","            ? window","            : global;","        // init utility2_rollup","        local = local.global.utility2_rollup || local;","        // init lib","        local.local = local.npmtest_yargs_parser = local;","        // init exports","        if (local.modeJs === 'browser') {","            local.global.utility2_npmtest_yargs_parser = local;","        } else {","            module.exports = local;","            module.exports.__dirname = __dirname;","            module.exports.module = module;","        }","    }());","}());",""],"l":{"12":2,"14":2,"19":2,"21":2,"23":2,"24":2,"25":2,"30":1,"37":2,"41":2,"43":2,"45":2,"46":1,"48":1,"49":1,"50":1}},"/home/travis/build/npmtest/node-npmtest-yargs-parser/example.js":{"path":"/home/travis/build/npmtest/node-npmtest-yargs-parser/example.js","s":{"1":2,"2":2,"3":2,"4":2,"5":2,"6":2,"7":2,"8":1,"9":2,"10":2,"11":2,"12":2,"13":1,"14":2,"15":2,"16":2,"17":2,"18":2,"19":0,"20":2,"21":1,"22":1,"23":1,"24":1,"25":1,"26":0,"27":0,"28":1,"29":1,"30":2,"31":0,"32":0,"33":0,"34":1,"35":2,"36":2,"37":3,"38":3,"39":3,"40":3,"41":0,"42":3,"43":3,"44":3,"45":1,"46":3,"47":1,"48":1,"49":1,"50":1,"51":1,"52":1,"53":1,"54":1,"55":1,"56":1,"57":0,"58":1,"59":6,"60":6,"61":1,"62":2,"63":0,"64":2,"65":1,"66":1,"67":0,"68":0,"69":0,"70":0,"71":0,"72":0,"73":0,"74":0,"75":0,"76":0,"77":0,"78":0,"79":0,"80":0,"81":0,"82":0,"83":0},"b":{"1":[2,1,1,1],"2":[1,1,1,1],"3":[1,1],"4":[2,2],"5":[1,1],"6":[1,1],"7":[2,0],"8":[2,1,1,1,1,1],"9":[0,2,0],"10":[1,1],"11":[2,1,1],"12":[1,0],"13":[0,2],"14":[2,0,0,0,0,0,0],"15":[0,3],"16":[3,0],"17":[1,1],"18":[0,1],"19":[1,2,0,2],"20":[1,0],"21":[1,1],"22":[0,0],"23":[0,0],"24":[0,0],"25":[0,0],"26":[0,0],"27":[0,0],"28":[0,0]},"f":{"1":2,"2":2,"3":2,"4":2,"5":2,"6":2,"7":3,"8":3,"9":3,"10":1,"11":6,"12":0},"fnMap":{"1":{"name":"(anonymous_1)","line":26,"loc":{"start":{"line":26,"column":1},"end":{"line":26,"column":13}}},"2":{"name":"(anonymous_2)","line":33,"loc":{"start":{"line":33,"column":5},"end":{"line":33,"column":17}}},"3":{"name":"(anonymous_3)","line":37,"loc":{"start":{"line":37,"column":24},"end":{"line":37,"column":36}}},"4":{"name":"(anonymous_4)","line":69,"loc":{"start":{"line":69,"column":31},"end":{"line":69,"column":48}},"skip":true},"5":{"name":"(anonymous_5)","line":78,"loc":{"start":{"line":78,"column":26},"end":{"line":78,"column":45}},"skip":true},"6":{"name":"(anonymous_6)","line":123,"loc":{"start":{"line":123,"column":33},"end":{"line":123,"column":48}},"skip":true},"7":{"name":"(anonymous_7)","line":125,"loc":{"start":{"line":125,"column":27},"end":{"line":125,"column":39}},"skip":true},"8":{"name":"(anonymous_8)","line":133,"loc":{"start":{"line":133,"column":59},"end":{"line":133,"column":74}},"skip":true},"9":{"name":"(anonymous_9)","line":143,"loc":{"start":{"line":143,"column":45},"end":{"line":143,"column":62}},"skip":true},"10":{"name":"(anonymous_10)","line":144,"loc":{"start":{"line":144,"column":73},"end":{"line":144,"column":92}},"skip":true},"11":{"name":"(anonymous_11)","line":272,"loc":{"start":{"line":272,"column":51},"end":{"line":272,"column":77}},"skip":true},"12":{"name":"(anonymous_12)","line":315,"loc":{"start":{"line":315,"column":32},"end":{"line":315,"column":61}},"skip":true}},"statementMap":{"1":{"start":{"line":26,"column":0},"end":{"line":326,"column":5}},"2":{"start":{"line":28,"column":4},"end":{"line":28,"column":14}},"3":{"start":{"line":33,"column":4},"end":{"line":60,"column":9}},"4":{"start":{"line":35,"column":8},"end":{"line":35,"column":19}},"5":{"start":{"line":37,"column":8},"end":{"line":49,"column":13}},"6":{"start":{"line":38,"column":12},"end":{"line":48,"column":13}},"7":{"start":{"line":39,"column":16},"end":{"line":42,"column":30}},"8":{"start":{"line":44,"column":16},"end":{"line":47,"column":27}},"9":{"start":{"line":51,"column":8},"end":{"line":53,"column":21}},"10":{"start":{"line":55,"column":8},"end":{"line":57,"column":45}},"11":{"start":{"line":59,"column":8},"end":{"line":59,"column":35}},"12":{"start":{"line":61,"column":4},"end":{"line":325,"column":5}},"13":{"start":{"line":69,"column":8},"end":{"line":121,"column":10},"skip":true},"14":{"start":{"line":70,"column":12},"end":{"line":88,"column":13},"skip":true},"15":{"start":{"line":76,"column":16},"end":{"line":87,"column":19},"skip":true},"16":{"start":{"line":79,"column":20},"end":{"line":86,"column":21},"skip":true},"17":{"start":{"line":82,"column":24},"end":{"line":82,"column":43},"skip":true},"18":{"start":{"line":83,"column":24},"end":{"line":83,"column":30},"skip":true},"19":{"start":{"line":85,"column":24},"end":{"line":85,"column":49},"skip":true},"20":{"start":{"line":89,"column":12},"end":{"line":107,"column":13},"skip":true},"21":{"start":{"line":92,"column":16},"end":{"line":102,"column":17},"skip":true},"22":{"start":{"line":93,"column":20},"end":{"line":93,"column":86},"skip":true},"23":{"start":{"line":94,"column":20},"end":{"line":95,"column":45},"skip":true},"24":{"start":{"line":96,"column":20},"end":{"line":96,"column":42},"skip":true},"25":{"start":{"line":97,"column":20},"end":{"line":97,"column":48},"skip":true},"26":{"start":{"line":100,"column":20},"end":{"line":100,"column":85},"skip":true},"27":{"start":{"line":101,"column":20},"end":{"line":101,"column":96},"skip":true},"28":{"start":{"line":103,"column":16},"end":{"line":103,"column":22},"skip":true},"29":{"start":{"line":106,"column":16},"end":{"line":106,"column":22},"skip":true},"30":{"start":{"line":108,"column":12},"end":{"line":120,"column":13},"skip":true},"31":{"start":{"line":114,"column":16},"end":{"line":119,"column":17},"skip":true},"32":{"start":{"line":116,"column":20},"end":{"line":116,"column":78},"skip":true},"33":{"start":{"line":118,"column":20},"end":{"line":118,"column":47},"skip":true},"34":{"start":{"line":123,"column":8},"end":{"line":141,"column":11},"skip":true},"35":{"start":{"line":124,"column":12},"end":{"line":124,"column":54},"skip":true},"36":{"start":{"line":125,"column":12},"end":{"line":140,"column":14},"skip":true},"37":{"start":{"line":126,"column":16},"end":{"line":126,"column":28},"skip":true},"38":{"start":{"line":127,"column":16},"end":{"line":127,"column":69},"skip":true},"39":{"start":{"line":128,"column":16},"end":{"line":128,"column":75},"skip":true},"40":{"start":{"line":129,"column":16},"end":{"line":131,"column":17},"skip":true},"41":{"start":{"line":130,"column":20},"end":{"line":130,"column":27},"skip":true},"42":{"start":{"line":133,"column":16},"end":{"line":137,"column":36},"skip":true},"43":{"start":{"line":134,"column":20},"end":{"line":136,"column":55},"skip":true},"44":{"start":{"line":139,"column":16},"end":{"line":139,"column":57},"skip":true},"45":{"start":{"line":143,"column":8},"end":{"line":147,"column":11},"skip":true},"46":{"start":{"line":144,"column":12},"end":{"line":146,"column":15},"skip":true},"47":{"start":{"line":145,"column":16},"end":{"line":145,"column":70},"skip":true},"48":{"start":{"line":149,"column":8},"end":{"line":149,"column":31},"skip":true},"49":{"start":{"line":150,"column":8},"end":{"line":150,"column":14},"skip":true},"50":{"start":{"line":158,"column":8},"end":{"line":158,"column":31},"skip":true},"51":{"start":{"line":160,"column":8},"end":{"line":160,"column":33},"skip":true},"52":{"start":{"line":161,"column":8},"end":{"line":161,"column":37},"skip":true},"53":{"start":{"line":162,"column":8},"end":{"line":162,"column":35},"skip":true},"54":{"start":{"line":164,"column":8},"end":{"line":164,"column":50},"skip":true},"55":{"start":{"line":166,"column":8},"end":{"line":256,"column":2},"skip":true},"56":{"start":{"line":258,"column":8},"end":{"line":286,"column":9},"skip":true},"57":{"start":{"line":259,"column":12},"end":{"line":269,"column":14},"skip":true},"58":{"start":{"line":271,"column":12},"end":{"line":285,"column":19},"skip":true},"59":{"start":{"line":274,"column":20},"end":{"line":274,"column":35},"skip":true},"60":{"start":{"line":275,"column":20},"end":{"line":284,"column":21},"skip":true},"61":{"start":{"line":277,"column":24},"end":{"line":277,"column":64},"skip":true},"62":{"start":{"line":279,"column":24},"end":{"line":279,"column":40},"skip":true},"63":{"start":{"line":281,"column":24},"end":{"line":281,"column":40},"skip":true},"64":{"start":{"line":283,"column":24},"end":{"line":283,"column":39},"skip":true},"65":{"start":{"line":288,"column":8},"end":{"line":290,"column":9},"skip":true},"66":{"start":{"line":289,"column":12},"end":{"line":289,"column":18},"skip":true},"67":{"start":{"line":291,"column":8},"end":{"line":293,"column":54},"skip":true},"68":{"start":{"line":296,"column":8},"end":{"line":301,"column":37},"skip":true},"69":{"start":{"line":303,"column":8},"end":{"line":303,"column":82},"skip":true},"70":{"start":{"line":306,"column":8},"end":{"line":308,"column":9},"skip":true},"71":{"start":{"line":307,"column":12},"end":{"line":307,"column":82},"skip":true},"72":{"start":{"line":310,"column":8},"end":{"line":312,"column":9},"skip":true},"73":{"start":{"line":311,"column":12},"end":{"line":311,"column":18},"skip":true},"74":{"start":{"line":313,"column":8},"end":{"line":313,"column":54},"skip":true},"75":{"start":{"line":314,"column":8},"end":{"line":314,"column":69},"skip":true},"76":{"start":{"line":315,"column":8},"end":{"line":323,"column":36},"skip":true},"77":{"start":{"line":316,"column":12},"end":{"line":316,"column":61},"skip":true},"78":{"start":{"line":317,"column":12},"end":{"line":320,"column":13},"skip":true},"79":{"start":{"line":318,"column":16},"end":{"line":318,"column":75},"skip":true},"80":{"start":{"line":319,"column":16},"end":{"line":319,"column":23},"skip":true},"81":{"start":{"line":321,"column":12},"end":{"line":321,"column":38},"skip":true},"82":{"start":{"line":322,"column":12},"end":{"line":322,"column":27},"skip":true},"83":{"start":{"line":324,"column":8},"end":{"line":324,"column":14},"skip":true}},"branchMap":{"1":{"line":39,"type":"binary-expr","locations":[{"start":{"line":39,"column":23},"end":{"line":39,"column":62}},{"start":{"line":40,"column":20},"end":{"line":40,"column":70}},{"start":{"line":41,"column":20},"end":{"line":41,"column":71}},{"start":{"line":42,"column":20},"end":{"line":42,"column":29}}]},"2":{"line":44,"type":"binary-expr","locations":[{"start":{"line":44,"column":23},"end":{"line":44,"column":37}},{"start":{"line":45,"column":20},"end":{"line":45,"column":61}},{"start":{"line":46,"column":20},"end":{"line":46,"column":70}},{"start":{"line":47,"column":20},"end":{"line":47,"column":26}}]},"3":{"line":51,"type":"cond-expr","locations":[{"start":{"line":52,"column":14},"end":{"line":52,"column":20}},{"start":{"line":53,"column":14},"end":{"line":53,"column":20}}]},"4":{"line":55,"type":"binary-expr","locations":[{"start":{"line":55,"column":16},"end":{"line":55,"column":44}},{"start":{"line":55,"column":49},"end":{"line":57,"column":43}}]},"5":{"line":55,"type":"cond-expr","locations":[{"start":{"line":56,"column":14},"end":{"line":56,"column":56}},{"start":{"line":57,"column":14},"end":{"line":57,"column":43}}]},"6":{"line":61,"type":"switch","locations":[{"start":{"line":68,"column":4},"end":{"line":150,"column":14},"skip":true},{"start":{"line":156,"column":4},"end":{"line":324,"column":14},"skip":true}]},"7":{"line":70,"type":"if","locations":[{"start":{"line":70,"column":12},"end":{"line":70,"column":12},"skip":true},{"start":{"line":70,"column":12},"end":{"line":70,"column":12},"skip":true}]},"8":{"line":70,"type":"binary-expr","locations":[{"start":{"line":70,"column":16},"end":{"line":70,"column":22},"skip":true},{"start":{"line":70,"column":27},"end":{"line":70,"column":32},"skip":true},{"start":{"line":71,"column":20},"end":{"line":71,"column":39},"skip":true},{"start":{"line":72,"column":20},"end":{"line":72,"column":49},"skip":true},{"start":{"line":73,"column":20},"end":{"line":73,"column":58},"skip":true},{"start":{"line":74,"column":20},"end":{"line":74,"column":69},"skip":true}]},"9":{"line":79,"type":"switch","locations":[{"start":{"line":80,"column":20},"end":{"line":80,"column":33},"skip":true},{"start":{"line":81,"column":20},"end":{"line":83,"column":30},"skip":true},{"start":{"line":84,"column":20},"end":{"line":85,"column":49},"skip":true}]},"10":{"line":89,"type":"switch","locations":[{"start":{"line":90,"column":12},"end":{"line":103,"column":22},"skip":true},{"start":{"line":105,"column":12},"end":{"line":106,"column":22},"skip":true}]},"11":{"line":89,"type":"binary-expr","locations":[{"start":{"line":89,"column":20},"end":{"line":89,"column":25},"skip":true},{"start":{"line":89,"column":29},"end":{"line":89,"column":48},"skip":true},{"start":{"line":89,"column":52},"end":{"line":89,"column":74},"skip":true}]},"12":{"line":92,"type":"if","locations":[{"start":{"line":92,"column":16},"end":{"line":92,"column":16},"skip":true},{"start":{"line":92,"column":16},"end":{"line":92,"column":16},"skip":true}]},"13":{"line":108,"type":"if","locations":[{"start":{"line":108,"column":12},"end":{"line":108,"column":12},"skip":true},{"start":{"line":108,"column":12},"end":{"line":108,"column":12},"skip":true}]},"14":{"line":108,"type":"binary-expr","locations":[{"start":{"line":108,"column":16},"end":{"line":108,"column":61},"skip":true},{"start":{"line":108,"column":66},"end":{"line":108,"column":72},"skip":true},{"start":{"line":108,"column":77},"end":{"line":108,"column":82},"skip":true},{"start":{"line":109,"column":20},"end":{"line":109,"column":39},"skip":true},{"start":{"line":110,"column":20},"end":{"line":110,"column":49},"skip":true},{"start":{"line":111,"column":20},"end":{"line":111,"column":58},"skip":true},{"start":{"line":112,"column":20},"end":{"line":112,"column":68},"skip":true}]},"15":{"line":129,"type":"if","locations":[{"start":{"line":129,"column":16},"end":{"line":129,"column":16},"skip":true},{"start":{"line":129,"column":16},"end":{"line":129,"column":16},"skip":true}]},"16":{"line":134,"type":"cond-expr","locations":[{"start":{"line":135,"column":26},"end":{"line":135,"column":29},"skip":true},{"start":{"line":136,"column":26},"end":{"line":136,"column":54},"skip":true}]},"17":{"line":164,"type":"binary-expr","locations":[{"start":{"line":164,"column":27},"end":{"line":164,"column":43},"skip":true},{"start":{"line":164,"column":47},"end":{"line":164,"column":49},"skip":true}]},"18":{"line":258,"type":"if","locations":[{"start":{"line":258,"column":8},"end":{"line":258,"column":8},"skip":true},{"start":{"line":258,"column":8},"end":{"line":258,"column":8},"skip":true}]},"19":{"line":275,"type":"switch","locations":[{"start":{"line":276,"column":20},"end":{"line":277,"column":64},"skip":true},{"start":{"line":278,"column":20},"end":{"line":279,"column":40},"skip":true},{"start":{"line":280,"column":20},"end":{"line":281,"column":40},"skip":true},{"start":{"line":282,"column":20},"end":{"line":283,"column":39},"skip":true}]},"20":{"line":288,"type":"if","locations":[{"start":{"line":288,"column":8},"end":{"line":288,"column":8},"skip":true},{"start":{"line":288,"column":8},"end":{"line":288,"column":8},"skip":true}]},"21":{"line":288,"type":"binary-expr","locations":[{"start":{"line":288,"column":12},"end":{"line":288,"column":40},"skip":true},{"start":{"line":288,"column":44},"end":{"line":288,"column":67},"skip":true}]},"22":{"line":292,"type":"binary-expr","locations":[{"start":{"line":292,"column":12},"end":{"line":292,"column":50},"skip":true},{"start":{"line":293,"column":12},"end":{"line":293,"column":53},"skip":true}]},"23":{"line":297,"type":"binary-expr","locations":[{"start":{"line":297,"column":12},"end":{"line":297,"column":70},"skip":true},{"start":{"line":298,"column":12},"end":{"line":301,"column":36},"skip":true}]},"24":{"line":303,"type":"binary-expr","locations":[{"start":{"line":303,"column":43},"end":{"line":303,"column":75},"skip":true},{"start":{"line":303,"column":79},"end":{"line":303,"column":81},"skip":true}]},"25":{"line":306,"type":"if","locations":[{"start":{"line":306,"column":8},"end":{"line":306,"column":8},"skip":true},{"start":{"line":306,"column":8},"end":{"line":306,"column":8},"skip":true}]},"26":{"line":310,"type":"if","locations":[{"start":{"line":310,"column":8},"end":{"line":310,"column":8},"skip":true},{"start":{"line":310,"column":8},"end":{"line":310,"column":8},"skip":true}]},"27":{"line":313,"type":"binary-expr","locations":[{"start":{"line":313,"column":27},"end":{"line":313,"column":43},"skip":true},{"start":{"line":313,"column":47},"end":{"line":313,"column":53},"skip":true}]},"28":{"line":317,"type":"if","locations":[{"start":{"line":317,"column":12},"end":{"line":317,"column":12},"skip":true},{"start":{"line":317,"column":12},"end":{"line":317,"column":12},"skip":true}]}},"code":["/*","example.js","","quickstart example","","instruction","    1. save this script as example.js","    2. run the shell command:","        $ npm install npmtest-yargs-parser && PORT=8081 node example.js","    3. play with the browser-demo on http://127.0.0.1:8081","*/","","","","/* istanbul instrument in package npmtest_yargs_parser */","/*jslint","    bitwise: true,","    browser: true,","    maxerr: 8,","    maxlen: 96,","    node: true,","    nomen: true,","    regexp: true,","    stupid: true","*/","(function () {","    'use strict';","    var local;","","","","    // run shared js-env code - pre-init","    (function () {","        // init local","        local = {};","        // init modeJs","        local.modeJs = (function () {","            try {","                return typeof navigator.userAgent === 'string' &&","                    typeof document.querySelector('body') === 'object' &&","                    typeof XMLHttpRequest.prototype.open === 'function' &&","                    'browser';","            } catch (errorCaughtBrowser) {","                return module.exports &&","                    typeof process.versions.node === 'string' &&","                    typeof require('http').createServer === 'function' &&","                    'node';","            }","        }());","        // init global","        local.global = local.modeJs === 'browser'","            ? window","            : global;","        // init utility2_rollup","        local = local.global.utility2_rollup || (local.modeJs === 'browser'","            ? local.global.utility2_npmtest_yargs_parser","            : global.utility2_moduleExports);","        // export local","        local.global.local = local;","    }());","    switch (local.modeJs) {","","","","    // post-init","    // run browser js-env code - post-init","    /* istanbul ignore next */","    case 'browser':","        local.testRunBrowser = function (event) {","            if (!event || (event &&","                    event.currentTarget &&","                    event.currentTarget.className &&","                    event.currentTarget.className.includes &&","                    event.currentTarget.className.includes('onreset'))) {","                // reset output","                Array.from(","                    document.querySelectorAll('body > .resettable')","                ).forEach(function (element) {","                    switch (element.tagName) {","                    case 'INPUT':","                    case 'TEXTAREA':","                        element.value = '';","                        break;","                    default:","                        element.textContent = '';","                    }","                });","            }","            switch (event && event.currentTarget && event.currentTarget.id) {","            case 'testRunButton1':","                // show tests","                if (document.querySelector('#testReportDiv1').style.display === 'none') {","                    document.querySelector('#testReportDiv1').style.display = 'block';","                    document.querySelector('#testRunButton1').textContent =","                        'hide internal test';","                    local.modeTest = true;","                    local.testRunDefault(local);","                // hide tests","                } else {","                    document.querySelector('#testReportDiv1').style.display = 'none';","                    document.querySelector('#testRunButton1').textContent = 'run internal test';","                }","                break;","            // custom-case","            default:","                break;","            }","            if (document.querySelector('#inputTextareaEval1') && (!event || (event &&","                    event.currentTarget &&","                    event.currentTarget.className &&","                    event.currentTarget.className.includes &&","                    event.currentTarget.className.includes('oneval')))) {","                // try to eval input-code","                try {","                    /*jslint evil: true*/","                    eval(document.querySelector('#inputTextareaEval1').value);","                } catch (errorCaught) {","                    console.error(errorCaught);","                }","            }","        };","        // log stderr and stdout to #outputTextareaStdout1","        ['error', 'log'].forEach(function (key) {","            console[key + '_original'] = console[key];","            console[key] = function () {","                var element;","                console[key + '_original'].apply(console, arguments);","                element = document.querySelector('#outputTextareaStdout1');","                if (!element) {","                    return;","                }","                // append text to #outputTextareaStdout1","                element.value += Array.from(arguments).map(function (arg) {","                    return typeof arg === 'string'","                        ? arg","                        : JSON.stringify(arg, null, 4);","                }).join(' ') + '\\n';","                // scroll textarea to bottom","                element.scrollTop = element.scrollHeight;","            };","        });","        // init event-handling","        ['change', 'click', 'keyup'].forEach(function (event) {","            Array.from(document.querySelectorAll('.on' + event)).forEach(function (element) {","                element.addEventListener(event, local.testRunBrowser);","            });","        });","        // run tests","        local.testRunBrowser();","        break;","","","","    // run node js-env code - post-init","    /* istanbul ignore next */","    case 'node':","        // export local","        module.exports = local;","        // require modules","        local.fs = require('fs');","        local.http = require('http');","        local.url = require('url');","        // init assets","        local.assetsDict = local.assetsDict || {};","        /* jslint-ignore-begin */","        local.assetsDict['/assets.index.template.html'] = '\\","<!doctype html>\\n\\","<html lang=\"en\">\\n\\","<head>\\n\\","<meta charset=\"UTF-8\">\\n\\","<meta name=\"viewport\" content=\"width=device-width, initial-scale=1\">\\n\\","<title>{{env.npm_package_name}} (v{{env.npm_package_version}})</title>\\n\\","<style>\\n\\","/*csslint\\n\\","    box-sizing: false,\\n\\","    universal-selector: false\\n\\","*/\\n\\","* {\\n\\","    box-sizing: border-box;\\n\\","}\\n\\","body {\\n\\","    background: #dde;\\n\\","    font-family: Arial, Helvetica, sans-serif;\\n\\","    margin: 2rem;\\n\\","}\\n\\","body > * {\\n\\","    margin-bottom: 1rem;\\n\\","}\\n\\",".utility2FooterDiv {\\n\\","    margin-top: 20px;\\n\\","    text-align: center;\\n\\","}\\n\\","</style>\\n\\","<style>\\n\\","/*csslint\\n\\","*/\\n\\","textarea {\\n\\","    font-family: monospace;\\n\\","    height: 10rem;\\n\\","    width: 100%;\\n\\","}\\n\\","textarea[readonly] {\\n\\","    background: #ddd;\\n\\","}\\n\\","</style>\\n\\","</head>\\n\\","<body>\\n\\","<!-- utility2-comment\\n\\","<div id=\"ajaxProgressDiv1\" style=\"background: #d00; height: 2px; left: 0; margin: 0; padding: 0; position: fixed; top: 0; transition: background 0.5s, width 1.5s; width: 25%;\"></div>\\n\\","utility2-comment -->\\n\\","<h1>\\n\\","<!-- utility2-comment\\n\\","    <a\\n\\","        {{#if env.npm_package_homepage}}\\n\\","        href=\"{{env.npm_package_homepage}}\"\\n\\","        {{/if env.npm_package_homepage}}\\n\\","        target=\"_blank\"\\n\\","    >\\n\\","utility2-comment -->\\n\\","        {{env.npm_package_name}} (v{{env.npm_package_version}})\\n\\","<!-- utility2-comment\\n\\","    </a>\\n\\","utility2-comment -->\\n\\","</h1>\\n\\","<h3>{{env.npm_package_description}}</h3>\\n\\","<!-- utility2-comment\\n\\","<h4><a download href=\"assets.app.js\">download standalone app</a></h4>\\n\\","<button class=\"onclick onreset\" id=\"testRunButton1\">run internal test</button><br>\\n\\","<div id=\"testReportDiv1\" style=\"display: none;\"></div>\\n\\","utility2-comment -->\\n\\","\\n\\","\\n\\","\\n\\","<label>stderr and stdout</label>\\n\\","<textarea class=\"resettable\" id=\"outputTextareaStdout1\" readonly></textarea>\\n\\","<!-- utility2-comment\\n\\","{{#if isRollup}}\\n\\","<script src=\"assets.app.js\"></script>\\n\\","{{#unless isRollup}}\\n\\","utility2-comment -->\\n\\","<script src=\"assets.utility2.rollup.js\"></script>\\n\\","<script src=\"jsonp.utility2._stateInit?callback=window.utility2._stateInit\"></script>\\n\\","<script src=\"assets.npmtest_yargs_parser.rollup.js\"></script>\\n\\","<script src=\"assets.example.js\"></script>\\n\\","<script src=\"assets.test.js\"></script>\\n\\","<!-- utility2-comment\\n\\","{{/if isRollup}}\\n\\","utility2-comment -->\\n\\","<div class=\"utility2FooterDiv\">\\n\\","    [ this app was created with\\n\\","    <a href=\"https://github.com/kaizhu256/node-utility2\" target=\"_blank\">utility2</a>\\n\\","    ]\\n\\","</div>\\n\\","</body>\\n\\","</html>\\n\\","';","        /* jslint-ignore-end */","        if (local.templateRender) {","            local.assetsDict['/'] = local.templateRender(","                local.assetsDict['/assets.index.template.html'],","                {","                    env: local.objectSetDefault(local.env, {","                        npm_package_description: 'the greatest app in the world!',","                        npm_package_name: 'my-app',","                        npm_package_nameAlias: 'my_app',","                        npm_package_version: '0.0.1'","                    })","                }","            );","        } else {","            local.assetsDict['/'] = local.assetsDict['/assets.index.template.html']","                .replace((/\\{\\{env\\.(\\w+?)\\}\\}/g), function (match0, match1) {","                    // jslint-hack","                    String(match0);","                    switch (match1) {","                    case 'npm_package_description':","                        return 'the greatest app in the world!';","                    case 'npm_package_name':","                        return 'my-app';","                    case 'npm_package_nameAlias':","                        return 'my_app';","                    case 'npm_package_version':","                        return '0.0.1';","                    }","                });","        }","        // run the cli","        if (local.global.utility2_rollup || module !== require.main) {","            break;","        }","        local.assetsDict['/assets.example.js'] =","            local.assetsDict['/assets.example.js'] ||","            local.fs.readFileSync(__filename, 'utf8');","        // bug-workaround - long $npm_package_buildCustomOrg","        /* jslint-ignore-begin */","        local.assetsDict['/assets.npmtest_yargs_parser.rollup.js'] =","            local.assetsDict['/assets.npmtest_yargs_parser.rollup.js'] ||","            local.fs.readFileSync(","                local.npmtest_yargs_parser.__dirname + '/lib.npmtest_yargs_parser.js',","                'utf8'","            ).replace((/^#!/), '//');","        /* jslint-ignore-end */","        local.assetsDict['/favicon.ico'] = local.assetsDict['/favicon.ico'] || '';","        // if $npm_config_timeout_exit exists,","        // then exit this process after $npm_config_timeout_exit ms","        if (Number(process.env.npm_config_timeout_exit)) {","            setTimeout(process.exit, Number(process.env.npm_config_timeout_exit));","        }","        // start server","        if (local.global.utility2_serverHttp1) {","            break;","        }","        process.env.PORT = process.env.PORT || '8081';","        console.error('server starting on port ' + process.env.PORT);","        local.http.createServer(function (request, response) {","            request.urlParsed = local.url.parse(request.url);","            if (local.assetsDict[request.urlParsed.pathname] !== undefined) {","                response.end(local.assetsDict[request.urlParsed.pathname]);","                return;","            }","            response.statusCode = 404;","            response.end();","        }).listen(process.env.PORT);","        break;","    }","}());",""],"l":{"26":2,"28":2,"33":2,"35":2,"37":2,"38":2,"39":2,"44":1,"51":2,"55":2,"59":2,"61":2,"69":1,"70":2,"76":2,"79":2,"82":2,"83":2,"85":1,"89":2,"92":1,"93":1,"94":1,"96":1,"97":1,"100":1,"101":1,"103":1,"106":1,"108":2,"114":1,"116":1,"118":1,"123":1,"124":2,"125":2,"126":3,"127":3,"128":3,"129":3,"130":1,"133":3,"134":3,"139":3,"143":1,"144":3,"145":1,"149":1,"150":1,"158":1,"160":1,"161":1,"162":1,"164":1,"166":1,"258":1,"259":1,"271":1,"274":6,"275":6,"277":1,"279":2,"281":1,"283":2,"288":1,"289":1,"291":1,"296":1,"303":1,"306":1,"307":1,"310":1,"311":1,"313":1,"314":1,"315":1,"316":1,"317":1,"318":1,"319":1,"321":1,"322":1,"324":1}},"/home/travis/build/npmtest/node-npmtest-yargs-parser/node_modules/yargs-parser/index.js":{"path":"/home/travis/build/npmtest/node-npmtest-yargs-parser/node_modules/yargs-parser/index.js","s":{"1":1,"2":1,"3":1,"4":1,"5":1,"6":0,"7":0,"8":0,"9":0,"10":0,"11":0,"12":0,"13":0,"14":0,"15":0,"16":0,"17":0,"18":0,"19":0,"20":0,"21":0,"22":0,"23":0,"24":0,"25":0,"26":0,"27":0,"28":0,"29":0,"30":0,"31":0,"32":0,"33":0,"34":0,"35":0,"36":0,"37":0,"38":0,"39":0,"40":0,"41":0,"42":0,"43":0,"44":0,"45":0,"46":0,"47":0,"48":0,"49":0,"50":0,"51":0,"52":0,"53":0,"54":0,"55":0,"56":0,"57":0,"58":0,"59":0,"60":0,"61":0,"62":0,"63":0,"64":0,"65":0,"66":0,"67":0,"68":0,"69":0,"70":0,"71":0,"72":0,"73":0,"74":0,"75":0,"76":0,"77":0,"78":0,"79":0,"80":0,"81":0,"82":0,"83":0,"84":0,"85":0,"86":0,"87":0,"88":0,"89":0,"90":0,"91":0,"92":0,"93":0,"94":0,"95":0,"96":0,"97":0,"98":0,"99":0,"100":0,"101":0,"102":0,"103":0,"104":0,"105":0,"106":0,"107":0,"108":0,"109":0,"110":0,"111":0,"112":0,"113":0,"114":0,"115":0,"116":0,"117":0,"118":0,"119":0,"120":0,"121":0,"122":0,"123":0,"124":0,"125":0,"126":0,"127":0,"128":0,"129":0,"130":0,"131":0,"132":0,"133":0,"134":0,"135":0,"136":0,"137":0,"138":0,"139":0,"140":0,"141":0,"142":0,"143":0,"144":0,"145":0,"146":0,"147":0,"148":0,"149":0,"150":0,"151":0,"152":1,"153":0,"154":0,"155":0,"156":0,"157":0,"158":0,"159":1,"160":0,"161":0,"162":0,"163":0,"164":0,"165":0,"166":0,"167":0,"168":0,"169":0,"170":0,"171":0,"172":0,"173":0,"174":0,"175":0,"176":0,"177":1,"178":0,"179":0,"180":0,"181":0,"182":0,"183":0,"184":0,"185":0,"186":0,"187":0,"188":0,"189":0,"190":0,"191":0,"192":0,"193":0,"194":0,"195":0,"196":0,"197":0,"198":0,"199":0,"200":0,"201":0,"202":0,"203":0,"204":1,"205":0,"206":0,"207":0,"208":0,"209":0,"210":0,"211":0,"212":0,"213":0,"214":0,"215":0,"216":0,"217":0,"218":0,"219":0,"220":0,"221":1,"222":0,"223":0,"224":0,"225":0,"226":0,"227":0,"228":0,"229":0,"230":0,"231":0,"232":0,"233":0,"234":0,"235":0,"236":0,"237":0,"238":0,"239":0,"240":0,"241":1,"242":0,"243":0,"244":0,"245":0,"246":0,"247":0,"248":0,"249":1,"250":0,"251":0,"252":0,"253":0,"254":1,"255":0,"256":0,"257":0,"258":0,"259":0,"260":0,"261":0,"262":0,"263":0,"264":0,"265":0,"266":1,"267":0,"268":0,"269":0,"270":0,"271":0,"272":0,"273":0,"274":1,"275":0,"276":0,"277":0,"278":0,"279":0,"280":0,"281":0,"282":1,"283":0,"284":0,"285":0,"286":0,"287":0,"288":0,"289":0,"290":0,"291":0,"292":1,"293":0,"294":0,"295":0,"296":0,"297":0,"298":0,"299":0,"300":0,"301":0,"302":0,"303":0,"304":0,"305":0,"306":0,"307":0,"308":0,"309":0,"310":0,"311":0,"312":0,"313":0,"314":0,"315":0,"316":0,"317":1,"318":0,"319":0,"320":0,"321":0,"322":0,"323":0,"324":0,"325":0,"326":0,"327":0,"328":0,"329":0,"330":0,"331":1,"332":0,"333":0,"334":0,"335":0,"336":0,"337":0,"338":1,"339":0,"340":0,"341":1,"342":0,"343":0,"344":1,"345":0,"346":0,"347":1,"348":0,"349":0,"350":0,"351":0,"352":0,"353":0,"354":0,"355":0,"356":1,"357":0,"358":0,"359":0,"360":0,"361":0,"362":0,"363":0,"364":1,"365":0,"366":0,"367":1,"368":0,"369":0,"370":0,"371":0,"372":0,"373":0,"374":0,"375":0,"376":0,"377":0,"378":0,"379":0,"380":0,"381":0,"382":0,"383":0,"384":0,"385":0,"386":0,"387":0,"388":0,"389":1,"390":0,"391":0,"392":0,"393":0,"394":0,"395":0,"396":0,"397":1,"398":0,"399":1,"400":0,"401":0,"402":1,"403":0,"404":1},"b":{"1":[0,0],"2":[0,0],"3":[0,0],"4":[0,0],"5":[0,0],"6":[0,0],"7":[0,0],"8":[0,0],"9":[0,0],"10":[0,0],"11":[0,0],"12":[0,0],"13":[0,0],"14":[0,0],"15":[0,0,0],"16":[0,0],"17":[0,0],"18":[0,0],"19":[0,0],"20":[0,0],"21":[0,0],"22":[0,0,0],"23":[0,0],"24":[0,0],"25":[0,0],"26":[0,0],"27":[0,0,0,0,0],"28":[0,0],"29":[0,0],"30":[0,0],"31":[0,0],"32":[0,0,0,0],"33":[0,0],"34":[0,0],"35":[0,0],"36":[0,0],"37":[0,0],"38":[0,0],"39":[0,0],"40":[0,0],"41":[0,0],"42":[0,0],"43":[0,0],"44":[0,0],"45":[0,0],"46":[0,0],"47":[0,0],"48":[0,0],"49":[0,0],"50":[0,0],"51":[0,0,0,0,0],"52":[0,0],"53":[0,0],"54":[0,0],"55":[0,0],"56":[0,0],"57":[0,0],"58":[0,0],"59":[0,0],"60":[0,0],"61":[0,0],"62":[0,0,0],"63":[0,0],"64":[0,0],"65":[0,0],"66":[0,0],"67":[0,0],"68":[0,0],"69":[0,0],"70":[0,0],"71":[0,0],"72":[0,0],"73":[0,0],"74":[0,0],"75":[0,0],"76":[0,0],"77":[0,0],"78":[0,0],"79":[0,0,0],"80":[0,0],"81":[0,0,0],"82":[0,0],"83":[0,0],"84":[0,0],"85":[0,0],"86":[0,0],"87":[0,0],"88":[0,0],"89":[0,0],"90":[0,0],"91":[0,0],"92":[0,0,0],"93":[0,0],"94":[0,0],"95":[0,0],"96":[0,0],"97":[0,0],"98":[0,0],"99":[0,0],"100":[0,0],"101":[0,0],"102":[0,0,0,0,0],"103":[0,0],"104":[0,0],"105":[0,0],"106":[0,0],"107":[0,0],"108":[0,0],"109":[0,0],"110":[0,0],"111":[0,0],"112":[0,0],"113":[0,0],"114":[0,0],"115":[0,0,0],"116":[0,0],"117":[0,0],"118":[0,0],"119":[0,0],"120":[0,0],"121":[0,0],"122":[0,0],"123":[0,0],"124":[0,0,0,0],"125":[0,0],"126":[0,0],"127":[0,0],"128":[0,0],"129":[0,0],"130":[0,0],"131":[0,0],"132":[0,0],"133":[0,0],"134":[0,0],"135":[0,0],"136":[0,0],"137":[0,0],"138":[0,0],"139":[0,0],"140":[0,0],"141":[0,0],"142":[0,0]},"f":{"1":0,"2":0,"3":0,"4":0,"5":0,"6":0,"7":0,"8":0,"9":0,"10":0,"11":0,"12":0,"13":0,"14":0,"15":0,"16":0,"17":0,"18":0,"19":0,"20":0,"21":0,"22":0,"23":0,"24":0,"25":0,"26":0,"27":0,"28":0,"29":0,"30":0,"31":0,"32":0,"33":0,"34":0,"35":0,"36":0,"37":0,"38":0,"39":0,"40":0,"41":0,"42":0,"43":0,"44":0,"45":0,"46":0,"47":0,"48":0,"49":0,"50":0,"51":0,"52":0,"53":0,"54":0,"55":0,"56":0,"57":0,"58":0,"59":0,"60":0,"61":0,"62":0,"63":0,"64":0,"65":0,"66":0,"67":0,"68":0,"69":0,"70":0,"71":0,"72":0,"73":0},"fnMap":{"1":{"name":"parse","line":6,"loc":{"start":{"line":6,"column":0},"end":{"line":6,"column":28}}},"2":{"name":"(anonymous_2)","line":27,"loc":{"start":{"line":27,"column":22},"end":{"line":27,"column":37}}},"3":{"name":"(anonymous_3)","line":46,"loc":{"start":{"line":46,"column":49},"end":{"line":46,"column":64}}},"4":{"name":"(anonymous_4)","line":50,"loc":{"start":{"line":50,"column":51},"end":{"line":50,"column":66}}},"5":{"name":"(anonymous_5)","line":54,"loc":{"start":{"line":54,"column":50},"end":{"line":54,"column":65}}},"6":{"name":"(anonymous_6)","line":58,"loc":{"start":{"line":58,"column":50},"end":{"line":58,"column":65}}},"7":{"name":"(anonymous_7)","line":62,"loc":{"start":{"line":62,"column":49},"end":{"line":62,"column":64}}},"8":{"name":"(anonymous_8)","line":66,"loc":{"start":{"line":66,"column":53},"end":{"line":66,"column":68}}},"9":{"name":"(anonymous_9)","line":70,"loc":{"start":{"line":70,"column":39},"end":{"line":70,"column":52}}},"10":{"name":"(anonymous_10)","line":74,"loc":{"start":{"line":74,"column":41},"end":{"line":74,"column":54}}},"11":{"name":"(anonymous_11)","line":79,"loc":{"start":{"line":79,"column":52},"end":{"line":79,"column":67}}},"12":{"name":"(anonymous_12)","line":83,"loc":{"start":{"line":83,"column":43},"end":{"line":83,"column":56}}},"13":{"name":"(anonymous_13)","line":93,"loc":{"start":{"line":93,"column":32},"end":{"line":93,"column":47}}},"14":{"name":"(anonymous_14)","line":94,"loc":{"start":{"line":94,"column":39},"end":{"line":94,"column":56}}},"15":{"name":"(anonymous_15)","line":101,"loc":{"start":{"line":101,"column":35},"end":{"line":101,"column":50}}},"16":{"name":"(anonymous_16)","line":288,"loc":{"start":{"line":288,"column":36},"end":{"line":288,"column":51}}},"17":{"name":"(anonymous_17)","line":292,"loc":{"start":{"line":292,"column":19},"end":{"line":292,"column":34}}},"18":{"name":"eatNargs","line":298,"loc":{"start":{"line":298,"column":2},"end":{"line":298,"column":35}}},"19":{"name":"eatArray","line":313,"loc":{"start":{"line":313,"column":2},"end":{"line":313,"column":35}}},"20":{"name":"(anonymous_20)","line":329,"loc":{"start":{"line":329,"column":32},"end":{"line":329,"column":47}}},"21":{"name":"(anonymous_21)","line":333,"loc":{"start":{"line":333,"column":24},"end":{"line":333,"column":39}}},"22":{"name":"setArg","line":341,"loc":{"start":{"line":341,"column":2},"end":{"line":341,"column":29}}},"23":{"name":"(anonymous_23)","line":357,"loc":{"start":{"line":357,"column":33},"end":{"line":357,"column":46}}},"24":{"name":"(anonymous_24)","line":365,"loc":{"start":{"line":365,"column":50},"end":{"line":365,"column":63}}},"25":{"name":"(anonymous_25)","line":380,"loc":{"start":{"line":380,"column":19},"end":{"line":380,"column":34}}},"26":{"name":"(anonymous_26)","line":381,"loc":{"start":{"line":381,"column":35},"end":{"line":381,"column":48}}},"27":{"name":"(anonymous_27)","line":385,"loc":{"start":{"line":385,"column":35},"end":{"line":385,"column":47}}},"28":{"name":"processValue","line":392,"loc":{"start":{"line":392,"column":2},"end":{"line":392,"column":35}}},"29":{"name":"setConfig","line":419,"loc":{"start":{"line":419,"column":2},"end":{"line":419,"column":28}}},"30":{"name":"(anonymous_30)","line":426,"loc":{"start":{"line":426,"column":39},"end":{"line":426,"column":60}}},"31":{"name":"setConfigObject","line":457,"loc":{"start":{"line":457,"column":2},"end":{"line":457,"column":42}}},"32":{"name":"(anonymous_32)","line":458,"loc":{"start":{"line":458,"column":32},"end":{"line":458,"column":47}}},"33":{"name":"setConfigObjects","line":479,"loc":{"start":{"line":479,"column":2},"end":{"line":479,"column":31}}},"34":{"name":"(anonymous_34)","line":481,"loc":{"start":{"line":481,"column":26},"end":{"line":481,"column":50}}},"35":{"name":"applyEnvVars","line":486,"loc":{"start":{"line":486,"column":2},"end":{"line":486,"column":43}}},"36":{"name":"(anonymous_36)","line":490,"loc":{"start":{"line":490,"column":37},"end":{"line":490,"column":55}}},"37":{"name":"(anonymous_37)","line":493,"loc":{"start":{"line":493,"column":42},"end":{"line":493,"column":60}}},"38":{"name":"applyCoercions","line":507,"loc":{"start":{"line":507,"column":2},"end":{"line":507,"column":33}}},"39":{"name":"(anonymous_39)","line":509,"loc":{"start":{"line":509,"column":30},"end":{"line":509,"column":45}}},"40":{"name":"applyDefaultsAndAliases","line":521,"loc":{"start":{"line":521,"column":2},"end":{"line":521,"column":60}}},"41":{"name":"(anonymous_41)","line":522,"loc":{"start":{"line":522,"column":34},"end":{"line":522,"column":49}}},"42":{"name":"(anonymous_42)","line":526,"loc":{"start":{"line":526,"column":38},"end":{"line":526,"column":51}}},"43":{"name":"hasKey","line":534,"loc":{"start":{"line":534,"column":2},"end":{"line":534,"column":30}}},"44":{"name":"(anonymous_44)","line":539,"loc":{"start":{"line":539,"column":30},"end":{"line":539,"column":45}}},"45":{"name":"setKey","line":549,"loc":{"start":{"line":549,"column":2},"end":{"line":549,"column":37}}},"46":{"name":"(anonymous_46)","line":554,"loc":{"start":{"line":554,"column":30},"end":{"line":554,"column":45}}},"47":{"name":"extendAliases","line":585,"loc":{"start":{"line":585,"column":2},"end":{"line":585,"column":28}}},"48":{"name":"(anonymous_48)","line":586,"loc":{"start":{"line":586,"column":50},"end":{"line":586,"column":65}}},"49":{"name":"(anonymous_49)","line":587,"loc":{"start":{"line":587,"column":37},"end":{"line":587,"column":52}}},"50":{"name":"(anonymous_50)","line":595,"loc":{"start":{"line":595,"column":47},"end":{"line":595,"column":60}}},"51":{"name":"(anonymous_51)","line":602,"loc":{"start":{"line":602,"column":35},"end":{"line":602,"column":48}}},"52":{"name":"(anonymous_52)","line":603,"loc":{"start":{"line":603,"column":68},"end":{"line":603,"column":81}}},"53":{"name":"checkAllAliases","line":612,"loc":{"start":{"line":612,"column":2},"end":{"line":612,"column":39}}},"54":{"name":"(anonymous_54)","line":616,"loc":{"start":{"line":616,"column":20},"end":{"line":616,"column":35}}},"55":{"name":"setDefaulted","line":623,"loc":{"start":{"line":623,"column":2},"end":{"line":623,"column":30}}},"56":{"name":"(anonymous_56)","line":624,"loc":{"start":{"line":624,"column":53},"end":{"line":624,"column":66}}},"57":{"name":"unsetDefaulted","line":629,"loc":{"start":{"line":629,"column":2},"end":{"line":629,"column":32}}},"58":{"name":"(anonymous_58)","line":630,"loc":{"start":{"line":630,"column":53},"end":{"line":630,"column":66}}},"59":{"name":"defaultForType","line":637,"loc":{"start":{"line":637,"column":2},"end":{"line":637,"column":33}}},"60":{"name":"guessType","line":649,"loc":{"start":{"line":649,"column":2},"end":{"line":649,"column":34}}},"61":{"name":"isNumber","line":659,"loc":{"start":{"line":659,"column":2},"end":{"line":659,"column":24}}},"62":{"name":"isUndefined","line":666,"loc":{"start":{"line":666,"column":2},"end":{"line":666,"column":29}}},"63":{"name":"combineAliases","line":681,"loc":{"start":{"line":681,"column":0},"end":{"line":681,"column":34}}},"64":{"name":"(anonymous_64)","line":688,"loc":{"start":{"line":688,"column":31},"end":{"line":688,"column":46}}},"65":{"name":"(anonymous_65)","line":700,"loc":{"start":{"line":700,"column":46},"end":{"line":700,"column":59}}},"66":{"name":"(anonymous_66)","line":716,"loc":{"start":{"line":716,"column":22},"end":{"line":716,"column":44}}},"67":{"name":"(anonymous_67)","line":717,"loc":{"start":{"line":717,"column":35},"end":{"line":717,"column":57}}},"68":{"name":"assign","line":726,"loc":{"start":{"line":726,"column":0},"end":{"line":726,"column":42}}},"69":{"name":"(anonymous_69)","line":730,"loc":{"start":{"line":730,"column":32},"end":{"line":730,"column":45}}},"70":{"name":"(anonymous_70)","line":733,"loc":{"start":{"line":733,"column":37},"end":{"line":733,"column":50}}},"71":{"name":"increment","line":743,"loc":{"start":{"line":743,"column":0},"end":{"line":743,"column":26}}},"72":{"name":"Parser","line":747,"loc":{"start":{"line":747,"column":0},"end":{"line":747,"column":29}}},"73":{"name":"(anonymous_73)","line":755,"loc":{"start":{"line":755,"column":18},"end":{"line":755,"column":40}}}},"statementMap":{"1":{"start":{"line":1,"column":0},"end":{"line":1,"column":36}},"2":{"start":{"line":2,"column":0},"end":{"line":2,"column":26}},"3":{"start":{"line":3,"column":0},"end":{"line":3,"column":60}},"4":{"start":{"line":4,"column":0},"end":{"line":4,"column":26}},"5":{"start":{"line":6,"column":0},"end":{"line":677,"column":1}},"6":{"start":{"line":7,"column":2},"end":{"line":7,"column":22}},"7":{"start":{"line":7,"column":13},"end":{"line":7,"column":22}},"8":{"start":{"line":10,"column":2},"end":{"line":10,"column":32}},"9":{"start":{"line":12,"column":2},"end":{"line":12,"column":48}},"10":{"start":{"line":13,"column":2},"end":{"line":21,"column":24}},"11":{"start":{"line":22,"column":2},"end":{"line":22,"column":35}},"12":{"start":{"line":23,"column":2},"end":{"line":23,"column":46}},"13":{"start":{"line":24,"column":2},"end":{"line":24,"column":32}},"14":{"start":{"line":25,"column":2},"end":{"line":25,"column":21}},"15":{"start":{"line":27,"column":2},"end":{"line":29,"column":3}},"16":{"start":{"line":28,"column":4},"end":{"line":28,"column":73}},"17":{"start":{"line":30,"column":2},"end":{"line":30,"column":18}},"18":{"start":{"line":31,"column":2},"end":{"line":43,"column":3}},"19":{"start":{"line":44,"column":2},"end":{"line":46,"column":3}},"20":{"start":{"line":46,"column":3},"end":{"line":50,"column":3}},"21":{"start":{"line":47,"column":4},"end":{"line":47,"column":28}},"22":{"start":{"line":50,"column":3},"end":{"line":54,"column":3}},"23":{"start":{"line":51,"column":4},"end":{"line":51,"column":27}},"24":{"start":{"line":54,"column":3},"end":{"line":58,"column":3}},"25":{"start":{"line":55,"column":4},"end":{"line":55,"column":29}},"26":{"start":{"line":58,"column":3},"end":{"line":62,"column":3}},"27":{"start":{"line":59,"column":4},"end":{"line":59,"column":29}},"28":{"start":{"line":62,"column":3},"end":{"line":66,"column":3}},"29":{"start":{"line":63,"column":4},"end":{"line":63,"column":28}},"30":{"start":{"line":66,"column":3},"end":{"line":68,"column":4}},"31":{"start":{"line":67,"column":4},"end":{"line":67,"column":31}},"32":{"start":{"line":70,"column":2},"end":{"line":72,"column":4}},"33":{"start":{"line":71,"column":4},"end":{"line":71,"column":33}},"34":{"start":{"line":74,"column":2},"end":{"line":76,"column":4}},"35":{"start":{"line":75,"column":4},"end":{"line":75,"column":39}},"36":{"start":{"line":78,"column":2},"end":{"line":86,"column":3}},"37":{"start":{"line":79,"column":5},"end":{"line":81,"column":6}},"38":{"start":{"line":80,"column":6},"end":{"line":80,"column":31}},"39":{"start":{"line":83,"column":4},"end":{"line":85,"column":6}},"40":{"start":{"line":84,"column":6},"end":{"line":84,"column":39}},"41":{"start":{"line":90,"column":2},"end":{"line":90,"column":62}},"42":{"start":{"line":93,"column":2},"end":{"line":97,"column":4}},"43":{"start":{"line":94,"column":4},"end":{"line":96,"column":6}},"44":{"start":{"line":95,"column":6},"end":{"line":95,"column":37}},"45":{"start":{"line":99,"column":2},"end":{"line":99,"column":22}},"46":{"start":{"line":101,"column":2},"end":{"line":104,"column":4}},"47":{"start":{"line":102,"column":4},"end":{"line":102,"column":59}},"48":{"start":{"line":103,"column":4},"end":{"line":103,"column":21}},"49":{"start":{"line":106,"column":2},"end":{"line":106,"column":19}},"50":{"start":{"line":107,"column":2},"end":{"line":110,"column":3}},"51":{"start":{"line":108,"column":4},"end":{"line":108,"column":49}},"52":{"start":{"line":109,"column":4},"end":{"line":109,"column":44}},"53":{"start":{"line":112,"column":2},"end":{"line":272,"column":3}},"54":{"start":{"line":113,"column":4},"end":{"line":113,"column":21}},"55":{"start":{"line":114,"column":4},"end":{"line":114,"column":14}},"56":{"start":{"line":115,"column":4},"end":{"line":115,"column":11}},"57":{"start":{"line":116,"column":4},"end":{"line":116,"column":15}},"58":{"start":{"line":117,"column":4},"end":{"line":117,"column":9}},"59":{"start":{"line":118,"column":4},"end":{"line":118,"column":12}},"60":{"start":{"line":119,"column":4},"end":{"line":119,"column":13}},"61":{"start":{"line":122,"column":4},"end":{"line":271,"column":5}},"62":{"start":{"line":128,"column":6},"end":{"line":128,"column":45}},"63":{"start":{"line":131,"column":6},"end":{"line":140,"column":7}},"64":{"start":{"line":132,"column":8},"end":{"line":132,"column":35}},"65":{"start":{"line":133,"column":8},"end":{"line":133,"column":35}},"66":{"start":{"line":135,"column":13},"end":{"line":140,"column":7}},"67":{"start":{"line":136,"column":8},"end":{"line":136,"column":35}},"68":{"start":{"line":137,"column":8},"end":{"line":137,"column":35}},"69":{"start":{"line":139,"column":8},"end":{"line":139,"column":26}},"70":{"start":{"line":141,"column":11},"end":{"line":271,"column":5}},"71":{"start":{"line":142,"column":6},"end":{"line":142,"column":38}},"72":{"start":{"line":143,"column":6},"end":{"line":143,"column":24}},"73":{"start":{"line":146,"column":11},"end":{"line":271,"column":5}},"74":{"start":{"line":149,"column":6},"end":{"line":149,"column":36}},"75":{"start":{"line":152,"column":6},"end":{"line":172,"column":7}},"76":{"start":{"line":153,"column":8},"end":{"line":153,"column":34}},"77":{"start":{"line":155,"column":13},"end":{"line":172,"column":7}},"78":{"start":{"line":156,"column":8},"end":{"line":156,"column":34}},"79":{"start":{"line":158,"column":8},"end":{"line":158,"column":26}},"80":{"start":{"line":160,"column":8},"end":{"line":171,"column":9}},"81":{"start":{"line":164,"column":10},"end":{"line":164,"column":27}},"82":{"start":{"line":165,"column":10},"end":{"line":165,"column":13}},"83":{"start":{"line":166,"column":15},"end":{"line":171,"column":9}},"84":{"start":{"line":167,"column":10},"end":{"line":167,"column":27}},"85":{"start":{"line":168,"column":10},"end":{"line":168,"column":13}},"86":{"start":{"line":170,"column":10},"end":{"line":170,"column":60}},"87":{"start":{"line":175,"column":11},"end":{"line":271,"column":5}},"88":{"start":{"line":176,"column":6},"end":{"line":176,"column":43}},"89":{"start":{"line":177,"column":6},"end":{"line":177,"column":24}},"90":{"start":{"line":180,"column":11},"end":{"line":271,"column":5}},"91":{"start":{"line":181,"column":6},"end":{"line":181,"column":24}},"92":{"start":{"line":182,"column":6},"end":{"line":182,"column":37}},"93":{"start":{"line":184,"column":6},"end":{"line":191,"column":7}},"94":{"start":{"line":187,"column":8},"end":{"line":187,"column":25}},"95":{"start":{"line":188,"column":8},"end":{"line":188,"column":11}},"96":{"start":{"line":190,"column":8},"end":{"line":190,"column":58}},"97":{"start":{"line":192,"column":11},"end":{"line":271,"column":5}},"98":{"start":{"line":193,"column":6},"end":{"line":193,"column":42}},"99":{"start":{"line":194,"column":6},"end":{"line":194,"column":20}},"100":{"start":{"line":196,"column":6},"end":{"line":239,"column":7}},"101":{"start":{"line":197,"column":8},"end":{"line":197,"column":31}},"102":{"start":{"line":199,"column":8},"end":{"line":217,"column":9}},"103":{"start":{"line":200,"column":10},"end":{"line":200,"column":34}},"104":{"start":{"line":201,"column":10},"end":{"line":201,"column":26}},"105":{"start":{"line":204,"column":10},"end":{"line":213,"column":11}},"106":{"start":{"line":205,"column":12},"end":{"line":205,"column":40}},"107":{"start":{"line":206,"column":12},"end":{"line":206,"column":38}},"108":{"start":{"line":208,"column":17},"end":{"line":213,"column":11}},"109":{"start":{"line":209,"column":12},"end":{"line":209,"column":40}},"110":{"start":{"line":210,"column":12},"end":{"line":210,"column":38}},"111":{"start":{"line":212,"column":12},"end":{"line":212,"column":30}},"112":{"start":{"line":215,"column":10},"end":{"line":215,"column":23}},"113":{"start":{"line":216,"column":10},"end":{"line":216,"column":15}},"114":{"start":{"line":219,"column":8},"end":{"line":222,"column":9}},"115":{"start":{"line":220,"column":10},"end":{"line":220,"column":34}},"116":{"start":{"line":221,"column":10},"end":{"line":221,"column":18}},"117":{"start":{"line":225,"column":8},"end":{"line":230,"column":9}},"118":{"start":{"line":227,"column":10},"end":{"line":227,"column":34}},"119":{"start":{"line":228,"column":10},"end":{"line":228,"column":23}},"120":{"start":{"line":229,"column":10},"end":{"line":229,"column":15}},"121":{"start":{"line":232,"column":8},"end":{"line":238,"column":9}},"122":{"start":{"line":233,"column":10},"end":{"line":233,"column":34}},"123":{"start":{"line":234,"column":10},"end":{"line":234,"column":23}},"124":{"start":{"line":235,"column":10},"end":{"line":235,"column":15}},"125":{"start":{"line":237,"column":10},"end":{"line":237,"column":74}},"126":{"start":{"line":241,"column":6},"end":{"line":241,"column":28}},"127":{"start":{"line":243,"column":6},"end":{"line":266,"column":7}},"128":{"start":{"line":245,"column":8},"end":{"line":265,"column":9}},"129":{"start":{"line":246,"column":10},"end":{"line":246,"column":36}},"130":{"start":{"line":248,"column":15},"end":{"line":265,"column":9}},"131":{"start":{"line":249,"column":10},"end":{"line":249,"column":36}},"132":{"start":{"line":251,"column":10},"end":{"line":251,"column":28}},"133":{"start":{"line":253,"column":10},"end":{"line":264,"column":11}},"134":{"start":{"line":257,"column":12},"end":{"line":257,"column":29}},"135":{"start":{"line":258,"column":12},"end":{"line":258,"column":15}},"136":{"start":{"line":259,"column":17},"end":{"line":264,"column":11}},"137":{"start":{"line":260,"column":12},"end":{"line":260,"column":29}},"138":{"start":{"line":261,"column":12},"end":{"line":261,"column":15}},"139":{"start":{"line":263,"column":12},"end":{"line":263,"column":62}},"140":{"start":{"line":268,"column":6},"end":{"line":270,"column":7}},"141":{"start":{"line":280,"column":2},"end":{"line":280,"column":26}},"142":{"start":{"line":281,"column":2},"end":{"line":281,"column":27}},"143":{"start":{"line":282,"column":2},"end":{"line":282,"column":17}},"144":{"start":{"line":283,"column":2},"end":{"line":283,"column":20}},"145":{"start":{"line":284,"column":2},"end":{"line":284,"column":56}},"146":{"start":{"line":285,"column":2},"end":{"line":285,"column":22}},"147":{"start":{"line":288,"column":2},"end":{"line":290,"column":4}},"148":{"start":{"line":289,"column":4},"end":{"line":289,"column":53}},"149":{"start":{"line":289,"column":39},"end":{"line":289,"column":53}},"150":{"start":{"line":292,"column":2},"end":{"line":294,"column":4}},"151":{"start":{"line":293,"column":4},"end":{"line":293,"column":20}},"152":{"start":{"line":298,"column":2},"end":{"line":308,"column":3}},"153":{"start":{"line":299,"column":4},"end":{"line":299,"column":49}},"154":{"start":{"line":301,"column":4},"end":{"line":301,"column":99}},"155":{"start":{"line":301,"column":39},"end":{"line":301,"column":99}},"156":{"start":{"line":303,"column":4},"end":{"line":305,"column":5}},"157":{"start":{"line":304,"column":6},"end":{"line":304,"column":27}},"158":{"start":{"line":307,"column":4},"end":{"line":307,"column":22}},"159":{"start":{"line":313,"column":2},"end":{"line":339,"column":3}},"160":{"start":{"line":314,"column":4},"end":{"line":314,"column":21}},"161":{"start":{"line":315,"column":4},"end":{"line":315,"column":22}},"162":{"start":{"line":316,"column":4},"end":{"line":316,"column":33}},"163":{"start":{"line":317,"column":4},"end":{"line":327,"column":5}},"164":{"start":{"line":318,"column":6},"end":{"line":324,"column":7}},"165":{"start":{"line":319,"column":8},"end":{"line":321,"column":9}},"166":{"start":{"line":320,"column":10},"end":{"line":320,"column":46}},"167":{"start":{"line":322,"column":8},"end":{"line":322,"column":32}},"168":{"start":{"line":323,"column":8},"end":{"line":323,"column":13}},"169":{"start":{"line":325,"column":6},"end":{"line":325,"column":12}},"170":{"start":{"line":326,"column":6},"end":{"line":326,"column":30}},"171":{"start":{"line":328,"column":4},"end":{"line":336,"column":5}},"172":{"start":{"line":329,"column":6},"end":{"line":331,"column":9}},"173":{"start":{"line":330,"column":8},"end":{"line":330,"column":37}},"174":{"start":{"line":333,"column":6},"end":{"line":335,"column":8}},"175":{"start":{"line":334,"column":8},"end":{"line":334,"column":24}},"176":{"start":{"line":338,"column":4},"end":{"line":338,"column":12}},"177":{"start":{"line":341,"column":2},"end":{"line":390,"column":3}},"178":{"start":{"line":342,"column":4},"end":{"line":342,"column":23}},"179":{"start":{"line":344,"column":4},"end":{"line":348,"column":5}},"180":{"start":{"line":345,"column":6},"end":{"line":345,"column":28}},"181":{"start":{"line":346,"column":6},"end":{"line":346,"column":30}},"182":{"start":{"line":347,"column":6},"end":{"line":347,"column":26}},"183":{"start":{"line":350,"column":4},"end":{"line":350,"column":38}},"184":{"start":{"line":352,"column":4},"end":{"line":352,"column":33}},"185":{"start":{"line":353,"column":4},"end":{"line":353,"column":33}},"186":{"start":{"line":356,"column":4},"end":{"line":361,"column":5}},"187":{"start":{"line":357,"column":6},"end":{"line":360,"column":8}},"188":{"start":{"line":358,"column":8},"end":{"line":358,"column":24}},"189":{"start":{"line":359,"column":8},"end":{"line":359,"column":30}},"190":{"start":{"line":364,"column":4},"end":{"line":375,"column":5}},"191":{"start":{"line":365,"column":7},"end":{"line":374,"column":8}},"192":{"start":{"line":366,"column":8},"end":{"line":366,"column":24}},"193":{"start":{"line":369,"column":8},"end":{"line":369,"column":35}},"194":{"start":{"line":370,"column":8},"end":{"line":370,"column":17}},"195":{"start":{"line":371,"column":8},"end":{"line":371,"column":23}},"196":{"start":{"line":373,"column":8},"end":{"line":373,"column":30}},"197":{"start":{"line":378,"column":4},"end":{"line":389,"column":5}},"198":{"start":{"line":379,"column":6},"end":{"line":379,"column":55}},"199":{"start":{"line":380,"column":6},"end":{"line":388,"column":8}},"200":{"start":{"line":381,"column":8},"end":{"line":383,"column":10}},"201":{"start":{"line":382,"column":10},"end":{"line":382,"column":33}},"202":{"start":{"line":385,"column":8},"end":{"line":387,"column":10}},"203":{"start":{"line":386,"column":10},"end":{"line":386,"column":68}},"204":{"start":{"line":392,"column":2},"end":{"line":415,"column":3}},"205":{"start":{"line":394,"column":4},"end":{"line":396,"column":5}},"206":{"start":{"line":395,"column":6},"end":{"line":395,"column":55}},"207":{"start":{"line":395,"column":35},"end":{"line":395,"column":55}},"208":{"start":{"line":398,"column":4},"end":{"line":398,"column":19}},"209":{"start":{"line":399,"column":4},"end":{"line":402,"column":5}},"210":{"start":{"line":400,"column":6},"end":{"line":400,"column":44}},"211":{"start":{"line":400,"column":25},"end":{"line":400,"column":44}},"212":{"start":{"line":401,"column":6},"end":{"line":401,"column":97}},"213":{"start":{"line":401,"column":86},"end":{"line":401,"column":97}},"214":{"start":{"line":405,"column":4},"end":{"line":407,"column":5}},"215":{"start":{"line":406,"column":6},"end":{"line":406,"column":23}},"216":{"start":{"line":410,"column":4},"end":{"line":413,"column":5}},"217":{"start":{"line":411,"column":6},"end":{"line":412,"column":38}},"218":{"start":{"line":411,"column":30},"end":{"line":411,"column":61}},"219":{"start":{"line":412,"column":11},"end":{"line":412,"column":38}},"220":{"start":{"line":414,"column":4},"end":{"line":414,"column":16}},"221":{"start":{"line":419,"column":2},"end":{"line":453,"column":3}},"222":{"start":{"line":420,"column":4},"end":{"line":420,"column":25}},"223":{"start":{"line":424,"column":4},"end":{"line":424,"column":66}},"224":{"start":{"line":426,"column":4},"end":{"line":452,"column":6}},"225":{"start":{"line":427,"column":6},"end":{"line":427,"column":65}},"226":{"start":{"line":428,"column":6},"end":{"line":451,"column":7}},"227":{"start":{"line":429,"column":8},"end":{"line":450,"column":9}},"228":{"start":{"line":430,"column":10},"end":{"line":430,"column":27}},"229":{"start":{"line":431,"column":10},"end":{"line":431,"column":74}},"230":{"start":{"line":433,"column":10},"end":{"line":445,"column":11}},"231":{"start":{"line":434,"column":12},"end":{"line":438,"column":13}},"232":{"start":{"line":435,"column":14},"end":{"line":435,"colum
[...]
  }","","    // handle populating aliases of the first element of the dot-notation key","    if (splitKey.length > 1 && configuration['dot-notation']) {","      ;(flags.aliases[splitKey[0]] || []).forEach(function (x) {","        x = x.split('.')","","        // expand alias with nested objects in key","        var a = [].concat(splitKey)","        a.shift() // nuke the old key.","        x = x.concat(a)","","        setKey(argv, x, value)","      })","    }","","    // Set normalize getter and setter when key is in 'normalize' but isn't an array","    if (checkAllAliases(key, flags.normalize) && !checkAllAliases(key, flags.arrays)) {","      var keys = [key].concat(flags.aliases[key] || [])","      keys.forEach(function (key) {","        argv.__defineSetter__(key, function (v) {","          val = path.normalize(v)","        })","","        argv.__defineGetter__(key, function () {","          return typeof val === 'string' ? path.normalize(val) : val","        })","      })","    }","  }","","  function processValue (key, val) {","    // handle parsing boolean arguments --foo=true --bar false.","    if (checkAllAliases(key, flags.bools) || checkAllAliases(key, flags.counts)) {","      if (typeof val === 'string') val = val === 'true'","    }","","    var value = val","    if (!checkAllAliases(key, flags.strings) && !checkAllAliases(key, flags.coercions)) {","      if (isNumber(val)) value = Number(val)","      if (!isUndefined(val) && !isNumber(val) && checkAllAliases(key, flags.numbers)) value = NaN","    }","","    // increment a count given as arg (either no value or value parsed as boolean)","    if (checkAllAliases(key, flags.counts) && (isUndefined(value) || typeof value === 'boolean')) {","      value = increment","    }","","    // Set normalized value when key is in 'normalize' and in 'arrays'","    if (checkAllAliases(key, flags.normalize) && checkAllAliases(key, flags.arrays)) {","      if (Array.isArray(val)) value = val.map(path.normalize)","      else value = path.normalize(val)","    }","    return value","  }","","  // set args from config.json file, this should be","  // applied last so that defaults can be applied.","  function setConfig (argv) {","    var configLookup = {}","","    // expand defaults/aliases, in-case any happen to reference","    // the config.json file.","    applyDefaultsAndAliases(configLookup, flags.aliases, defaults)","","    Object.keys(flags.configs).forEach(function (configKey) {","      var configPath = argv[configKey] || configLookup[configKey]","      if (configPath) {","        try {","          var config = null","          var resolvedConfigPath = path.resolve(process.cwd(), configPath)","","          if (typeof flags.configs[configKey] === 'function') {","            try {","              config = flags.configs[configKey](resolvedConfigPath)","            } catch (e) {","              config = e","            }","            if (config instanceof Error) {","              error = config","              return","            }","          } else {","            config = require(resolvedConfigPath)","          }","","          setConfigObject(config)","        } catch (ex) {","          if (argv[configKey]) error = Error(__('Invalid JSON config file: %s', configPath))","        }","      }","    })","  }","","  // set args from config object.","  // it recursively checks nested objects.","  function setConfigObject (config, prev) {","    Object.keys(config).forEach(function (key) {","      var value = config[key]","      var fullKey = prev ? prev + '.' + key : key","","      // if the value is an inner object and we have dot-notation","      // enabled, treat inner objects in config the same as","      // heavily nested dot notations (foo.bar.apple).","      if (typeof value === 'object' && !Array.isArray(value) && configuration['dot-notation']) {","        // if the value is an object but not an array, check nested object","        setConfigObject(value, fullKey)","      } else {","        // setting arguments via CLI takes precedence over","        // values within the config file.","        if (!hasKey(argv, fullKey.split('.')) || (flags.defaulted[fullKey])) {","          setArg(fullKey, value)","        }","      }","    })","  }","","  // set all config objects passed in opts","  function setConfigObjects () {","    if (typeof configObjects === 'undefined') return","    configObjects.forEach(function (configObject) {","      setConfigObject(configObject)","    })","  }","","  function applyEnvVars (argv, configOnly) {","    if (typeof envPrefix === 'undefined') return","","    var prefix = typeof envPrefix === 'string' ? envPrefix : ''","    Object.keys(process.env).forEach(function (envVar) {","      if (prefix === '' || envVar.lastIndexOf(prefix, 0) === 0) {","        // get array of nested keys and convert them to camel case","        var keys = envVar.split('__').map(function (key, i) {","          if (i === 0) {","            key = key.substring(prefix.length)","          }","          return camelCase(key)","        })","","        if (((configOnly && flags.configs[keys.join('.')]) || !configOnly) && (!hasKey(argv, keys) || flags.defaulted[keys.join('.')])) {","          setArg(keys.join('.'), process.env[envVar])","        }","      }","    })","  }","","  function applyCoercions (argv) {","    var coerce","    Object.keys(argv).forEach(function (key) {","      coerce = checkAllAliases(key, flags.coercions)","      if (typeof coerce === 'function') {","        try {","          argv[key] = coerce(argv[key])","        } catch (err) {","          error = err","        }","      }","    })","  }","","  function applyDefaultsAndAliases (obj, aliases, defaults) {","    Object.keys(defaults).forEach(function (key) {","      if (!hasKey(obj, key.split('.'))) {","        setKey(obj, key.split('.'), defaults[key])","","        ;(aliases[key] || []).forEach(function (x) {","          if (hasKey(obj, x.split('.'))) return","          setKey(obj, x.split('.'), defaults[key])","        })","      }","    })","  }","","  function hasKey (obj, keys) {","    var o = obj","","    if (!configuration['dot-notation']) keys = [keys.join('.')]","","    keys.slice(0, -1).forEach(function (key) {","      o = (o[key] || {})","    })","","    var key = keys[keys.length - 1]","","    if (typeof o !== 'object') return false","    else return key in o","  }","","  function setKey (obj, keys, value) {","    var o = obj","","    if (!configuration['dot-notation']) keys = [keys.join('.')]","","    keys.slice(0, -1).forEach(function (key) {","      if (o[key] === undefined) o[key] = {}","      o = o[key]","    })","","    var key = keys[keys.length - 1]","","    var isTypeArray = checkAllAliases(key, flags.arrays)","    var isValueArray = Array.isArray(value)","    var duplicate = configuration['duplicate-arguments-array']","","    if (value === increment) {","      o[key] = increment(o[key])","    } else if (Array.isArray(o[key])) {","      if (duplicate && isTypeArray && isValueArray) {","        o[key] = configuration['flatten-duplicate-arrays'] ? o[key].concat(value) : [o[key]].concat([value])","      } else if (!duplicate && Boolean(isTypeArray) === Boolean(isValueArray)) {","        o[key] = value","      } else {","        o[key] = o[key].concat([value])","      }","    } else if (o[key] === undefined && isTypeArray) {","      o[key] = isValueArray ? value : [value]","    } else if (duplicate && !(o[key] === undefined || checkAllAliases(key, flags.bools) || checkAllAliases(keys.join('.'), flags.bools) || checkAllAliases(key, flags.counts))) {","      o[key] = [ o[key], value ]","    } else {","      o[key] = value","    }","  }","","  // extend the aliases list with inferred aliases.","  function extendAliases () {","    Array.prototype.slice.call(arguments).forEach(function (obj) {","      Object.keys(obj || {}).forEach(function (key) {","        // short-circuit if we've already added a key","        // to the aliases array, for example it might","        // exist in both 'opts.default' and 'opts.key'.","        if (flags.aliases[key]) return","","        flags.aliases[key] = [].concat(aliases[key] || [])","        // For \"--option-name\", also set argv.optionName","        flags.aliases[key].concat(key).forEach(function (x) {","          if (/-/.test(x) && configuration['camel-case-expansion']) {","            var c = camelCase(x)","            flags.aliases[key].push(c)","            newAliases[c] = true","          }","        })","        flags.aliases[key].forEach(function (x) {","          flags.aliases[x] = [key].concat(flags.aliases[key].filter(function (y) {","            return x !== y","          }))","        })","      })","    })","  }","","  // check if a flag is set for any of a key's aliases.","  function checkAllAliases (key, flag) {","    var isSet = false","    var toCheck = [].concat(flags.aliases[key] || [], key)","","    toCheck.forEach(function (key) {","      if (flag[key]) isSet = flag[key]","    })","","    return isSet","  }","","  function setDefaulted (key) {","    [].concat(flags.aliases[key] || [], key).forEach(function (k) {","      flags.defaulted[k] = true","    })","  }","","  function unsetDefaulted (key) {","    [].concat(flags.aliases[key] || [], key).forEach(function (k) {","      delete flags.defaulted[k]","    })","  }","","  // return a default value, given the type of a flag.,","  // e.g., key of type 'string' will default to '', rather than 'true'.","  function defaultForType (type) {","    var def = {","      boolean: true,","      string: '',","      number: undefined,","      array: []","    }","","    return def[type]","  }","","  // given a flag, enforce a default type.","  function guessType (key, flags) {","    var type = 'boolean'","","    if (checkAllAliases(key, flags.strings)) type = 'string'","    else if (checkAllAliases(key, flags.numbers)) type = 'number'","    else if (checkAllAliases(key, flags.arrays)) type = 'array'","","    return type","  }","","  function isNumber (x) {","    if (!configuration['parse-numbers']) return false","    if (typeof x === 'number') return true","    if (/^0x[0-9a-f]+$/i.test(x)) return true","    return /^[-+]?(?:\\d+(?:\\.\\d*)?|\\.\\d+)(e[-+]?\\d+)?$/.test(x)","  }","","  function isUndefined (num) {","    return num === undefined","  }","","  return {","    argv: argv,","    error: error,","    aliases: flags.aliases,","    newAliases: newAliases,","    configuration: configuration","  }","}","","// if any aliases reference each other, we should","// merge them together.","function combineAliases (aliases) {","  var aliasArrays = []","  var change = true","  var combined = {}","","  // turn alias lookup hash {key: ['alias1', 'alias2']} into","  // a simple array ['key', 'alias1', 'alias2']","  Object.keys(aliases).forEach(function (key) {","    aliasArrays.push(","      [].concat(aliases[key], key)","    )","  })","","  // combine arrays until zero changes are","  // made in an iteration.","  while (change) {","    change = false","    for (var i = 0; i < aliasArrays.length; i++) {","      for (var ii = i + 1; ii < aliasArrays.length; ii++) {","        var intersect = aliasArrays[i].filter(function (v) {","          return aliasArrays[ii].indexOf(v) !== -1","        })","","        if (intersect.length) {","          aliasArrays[i] = aliasArrays[i].concat(aliasArrays[ii])","          aliasArrays.splice(ii, 1)","          change = true","          break","        }","      }","    }","  }","","  // map arrays back to the hash-lookup (de-dupe while","  // we're at it).","  aliasArrays.forEach(function (aliasArray) {","    aliasArray = aliasArray.filter(function (v, i, self) {","      return self.indexOf(v) === i","    })","    combined[aliasArray.pop()] = aliasArray","  })","","  return combined","}","","function assign (defaults, configuration) {","  var o = {}","  configuration = configuration || {}","","  Object.keys(defaults).forEach(function (k) {","    o[k] = defaults[k]","  })","  Object.keys(configuration).forEach(function (k) {","    o[k] = configuration[k]","  })","","  return o","}","","// this function should only be called when a count is given as an arg","// it is NOT called to set a default value","// thus we can start the count at 1 instead of 0","function increment (orig) {","  return orig !== undefined ? orig + 1 : 1","}","","function Parser (args, opts) {","  var result = parse(args.slice(), opts)","","  return result.argv","}","","// parse arguments and return detailed","// meta information, aliases, etc.","Parser.detailed = function (args, opts) {","  return parse(args.slice(), opts)","}","","module.exports = Parser",""],"l":{"1":1,"2":1,"3":1,"4":1,"6":1,"7":0,"10":0,"12":0,"13":0,"22":0,"23":0,"24":0,"25":0,"27":0,"28":0,"30":0,"31":0,"44":0,"46":0,"47":0,"50":0,"51":0,"54":0,"55":0,"58":0,"59":0,"62":0,"63":0,"66":0,"67":0,"70":0,"71":0,"74":0,"75":0,"78":0,"79":0,"80":0,"83":0,"84":0,"90":0,"93":0,"94":0,"95":0,"99":0,"101":0,"102":0,"103":0,"106":0,"107":0,"108":0,"109":0,"112":0,"113":0,"114":0,"115":0,"116":0,"117":0,"118":0,"119":0,"122":0,"128":0,"131":0,"132":0,"133":0,"135":0,"136":0,"137":0,"139":0,"141":0,"142":0,"143":0,"146":0,"149":0,"152":0,"153":0,"155":0,"156":0,"158":0,"160":0,"164":0,"165":0,"166":0,"167":0,"168":0,"170":0,"175":0,"176":0,"177":0,"180":0,"181":0,"182":0,"184":0,"187":0,"188":0,"190":0,"192":0,"193":0,"194":0,"196":0,"197":0,"199":0,"200":0,"201":0,"204":0,"205":0,"206":0,"208":0,"209":0,"210":0,"212":0,"215":0,"216":0,"219":0,"220":0,"221":0,"225":0,"227":0,"228":0,"229":0,"232":0,"233":0,"234":0,"235":0,"237":0,"241":0,"243":0,"245":0,"246":0,"248":0,"249":0,"251":0,"253":0,"257":0,"258":0,"259":0,"260":0,"261":0,"263":0,"268":0,"280":0,"281":0,"282":0,"283":0,"284":0,"285":0,"288":0,"289":0,"292":0,"293":0,"298":1,"299":0,"301":0,"303":0,"304":0,"307":0,"313":1,"314":0,"315":0,"316":0,"317":0,"318":0,"319":0,"320":0,"322":0,"323":0,"325":0,"326":0,"328":0,"329":0,"330":0,"333":0,"334":0,"338":0,"341":1,"342":0,"344":0,"345":0,"346":0,"347":0,"350":0,"352":0,"353":0,"356":0,"357":0,"358":0,"359":0,"364":0,"365":0,"366":0,"369":0,"370":0,"371":0,"373":0,"378":0,"379":0,"380":0,"381":0,"382":0,"385":0,"386":0,"392":1,"394":0,"395":0,"398":0,"399":0,"400":0,"401":0,"405":0,"406":0,"410":0,"411":0,"412":0,"414":0,"419":1,"420":0,"424":0,"426":0,"427":0,"428":0,"429":0,"430":0,"431":0,"433":0,"434":0,"435":0,"437":0,"439":0,"440":0,"441":0,"444":0,"447":0,"449":0,"457":1,"458":0,"459":0,"460":0,"465":0,"467":0,"471":0,"472":0,"479":1,"480":0,"481":0,"482":0,"486":1,"487":0,"489":0,"490":0,"491":0,"493":0,"494":0,"495":0,"497":0,"500":0,"501":0,"507":1,"508":0,"509":0,"510":0,"511":0,"512":0,"513":0,"515":0,"521":1,"522":0,"523":0,"524":0,"526":0,"527":0,"528":0,"534":1,"535":0,"537":0,"539":0,"540":0,"543":0,"545":0,"546":0,"549":1,"550":0,"552":0,"554":0,"555":0,"556":0,"559":0,"561":0,"562":0,"563":0,"565":0,"566":0,"567":0,"568":0,"569":0,"570":0,"571":0,"573":0,"575":0,"576":0,"577":0,"578":0,"580":0,"585":1,"586":0,"587":0,"591":0,"593":0,"595":0,"596":0,"597":0,"598":0,"599":0,"602":0,"603":0,"604":0,"612":1,"613":0,"614":0,"616":0,"617":0,"620":0,"623":1,"624":0,"625":0,"629":1,"630":0,"631":0,"637":1,"638":0,"645":0,"649":1,"650":0,"652":0,"653":0,"654":0,"656":0,"659":1,"660":0,"661":0,"662":0,"663":0,"666":1,"667":0,"670":0,"681":1,"682":0,"683":0,"684":0,"688":0,"689":0,"696":0,"697":0,"698":0,"699":0,"700":0,"701":0,"704":0,"705":0,"706":0,"707":0,"708":0,"716":0,"717":0,"718":0,"720":0,"723":0,"726":1,"727":0,"728":0,"730":0,"731":0,"733":0,"734":0,"737":0,"743":1,"744":0,"747":1,"748":0,"750":0,"755":1,"756":0,"759":1}},"/home/travis/build/npmtest/node-npmtest-yargs-parser/node_modules/yargs-parser/lib/tokenize-arg-string.js":{"path":"/home/travis/build/npmtest/node-npmtest-yargs-parser/node_modules/yargs-parser/lib/tokenize-arg-string.js","s":{"1":1,"2":0,"3":0,"4":0,"5":0,"6":0,"7":0,"8":0,"9":0,"10":0,"11":0,"12":0,"13":0,"14":0,"15":0,"16":0,"17":0,"18":0,"19":0,"20":0,"21":0,"22":0},"b":{"1":[0,0],"2":[0,0],"3":[0,0],"4":[0,0],"5":[0,0],"6":[0,0,0],"7":[0,0]},"f":{"1":0},"fnMap":{"1":{"name":"(anonymous_1)","line":2,"loc":{"start":{"line":2,"column":17},"end":{"line":2,"column":38}}}},"statementMap":{"1":{"start":{"line":2,"column":0},"end":{"line":34,"column":1}},"2":{"start":{"line":3,"column":2},"end":{"line":3,"column":48}},"3":{"start":{"line":3,"column":32},"end":{"line":3,"column":48}},"4":{"start":{"line":5,"column":2},"end":{"line":5,"column":11}},"5":{"start":{"line":6,"column":2},"end":{"line":6,"column":14}},"6":{"start":{"line":7,"column":2},"end":{"line":7,"column":20}},"7":{"start":{"line":8,"column":2},"end":{"line":8,"column":15}},"8":{"start":{"line":10,"column":2},"end":{"line":31,"column":3}},"9":{"start":{"line":11,"column":4},"end":{"line":11,"column":28}},"10":{"start":{"line":14,"column":4},"end":{"line":17,"column":5}},"11":{"start":{"line":15,"column":6},"end":{"line":15,"column":9}},"12":{"start":{"line":16,"column":6},"end":{"line":16,"column":14}},"13":{"start":{"line":21,"column":4},"end":{"line":27,"column":5}},"14":{"start":{"line":22,"column":6},"end":{"line":22,"column":20}},"15":{"start":{"line":23,"column":6},"end":{"line":23,"column":14}},"16":{"start":{"line":24,"column":11},"end":{"line":27,"column":5}},"17":{"start":{"line":25,"column":6},"end":{"line":25,"column":17}},"18":{"start":{"line":26,"column":6},"end":{"line":26,"column":14}},"19":{"start":{"line":29,"column":4},"end":{"line":29,"column":30}},"20":{"start":{"line":29,"column":18},"end":{"line":29,"column":30}},"21":{"start":{"line":30,"column":4},"end":{"line":30,"column":16}},"22":{"start":{"line":33,"column":2},"end":{"line":33,"column":13}}},"branchMap":{"1":{"line":3,"type":"if","locations":[{"start":{"line":3,"column":2},"end":{"line":3,"column":2}},{"start":{"line":3,"column":2},"end":{"line":3,"column":2}}]},"2":{"line":14,"type":"if","locations":[{"start":{"line":14,"column":4},"end":{"line":14,"column":4}},{"start":{"line":14,"column":4},"end":{"line":14,"column":4}}]},"3":{"line":14,"type":"binary-expr","locations":[{"start":{"line":14,"column":8},"end":{"line":14,"column":17}},{"start":{"line":14,"column":21},"end":{"line":14,"column":29}}]},"4":{"line":21,"type":"if","locations":[{"start":{"line":21,"column":4},"end":{"line":21,"column":4}},{"start":{"line":21,"column":4},"end":{"line":21,"column":4}}]},"5":{"line":24,"type":"if","locations":[{"start":{"line":24,"column":11},"end":{"line":24,"column":11}},{"start":{"line":24,"column":11},"end":{"line":24,"column":11}}]},"6":{"line":24,"type":"binary-expr","locations":[{"start":{"line":24,"column":16},"end":{"line":24,"column":25}},{"start":{"line":24,"column":29},"end":{"line":24,"column":38}},{"start":{"line":24,"column":43},"end":{"line":24,"column":51}}]},"7":{"line":29,"type":"if","locations":[{"start":{"line":29,"column":4},"end":{"line":29,"column":4}},{"start":{"line":29,"column":4},"end":{"line":29,"column":4}}]}},"code":["// take an un-split argv string and tokenize it.","module.exports = function (argString) {","  if (Array.isArray(argString)) return argString","","  var i = 0","  var c = null","  var opening = null","  var args = []","","  for (var ii = 0; ii < argString.length; ii++) {","    c = argString.charAt(ii)","","    // split on spaces unless we're in quotes.","    if (c === ' ' && !opening) {","      i++","      continue","    }","","    // don't split the string if we're in matching","    // opening or closing single and double quotes.","    if (c === opening) {","      opening = null","      continue","    } else if ((c === \"'\" || c === '\"') && !opening) {","      opening = c","      continue","    }","","    if (!args[i]) args[i] = ''","    args[i] += c","  }","","  return args","}",""],"l":{"2":1,"3":0,"5":0,"6":0,"7":0,"8":0,"10":0,"11":0,"14":0,"15":0,"16":0,"21":0,"22":0,"23":0,"24":0,"25":0,"26":0,"29":0,"30":0,"33":0}}}